{"timestamp":"2025-06-25T10:45:15.683828","level":"info","event":"Filling up the DagBag from /opt/airflow/dags/user.py","logger":"airflow.models.dagbag.DagBag"}
{"timestamp":"2025-06-25T10:45:30.129258","level":"info","event":"Filling up the DagBag from /opt/airflow/dags/user.py","logger":"airflow.models.dagbag.DagBag"}
{"timestamp":"2025-06-25T10:46:01.036904","level":"info","event":"Filling up the DagBag from /opt/airflow/dags/user.py","logger":"airflow.models.dagbag.DagBag"}
{"timestamp":"2025-06-25T10:46:31.987727","level":"info","event":"Filling up the DagBag from /opt/airflow/dags/user.py","logger":"airflow.models.dagbag.DagBag"}
{"timestamp":"2025-06-25T10:47:02.843416","level":"info","event":"Filling up the DagBag from /opt/airflow/dags/user.py","logger":"airflow.models.dagbag.DagBag"}
{"timestamp":"2025-06-25T10:47:33.623916","level":"info","event":"Filling up the DagBag from /opt/airflow/dags/user.py","logger":"airflow.models.dagbag.DagBag"}
{"timestamp":"2025-06-25T10:48:04.440119","level":"info","event":"Filling up the DagBag from /opt/airflow/dags/user.py","logger":"airflow.models.dagbag.DagBag"}
{"timestamp":"2025-06-25T10:48:35.311133","level":"info","event":"Filling up the DagBag from /opt/airflow/dags/user.py","logger":"airflow.models.dagbag.DagBag"}
{"timestamp":"2025-06-25T10:49:06.073483","level":"info","event":"Filling up the DagBag from /opt/airflow/dags/user.py","logger":"airflow.models.dagbag.DagBag"}
{"timestamp":"2025-06-25T10:49:36.873738","level":"info","event":"Filling up the DagBag from /opt/airflow/dags/user.py","logger":"airflow.models.dagbag.DagBag"}
{"timestamp":"2025-06-25T10:50:07.680064","level":"info","event":"Filling up the DagBag from /opt/airflow/dags/user.py","logger":"airflow.models.dagbag.DagBag"}
{"timestamp":"2025-06-25T10:50:38.492124","level":"info","event":"Filling up the DagBag from /opt/airflow/dags/user.py","logger":"airflow.models.dagbag.DagBag"}
{"timestamp":"2025-06-25T10:51:09.356658","level":"info","event":"Filling up the DagBag from /opt/airflow/dags/user.py","logger":"airflow.models.dagbag.DagBag"}
{"timestamp":"2025-06-25T10:51:40.243368","level":"info","event":"Filling up the DagBag from /opt/airflow/dags/user.py","logger":"airflow.models.dagbag.DagBag"}
{"timestamp":"2025-06-25T10:52:11.142352","level":"info","event":"Filling up the DagBag from /opt/airflow/dags/user.py","logger":"airflow.models.dagbag.DagBag"}
{"timestamp":"2025-06-25T10:52:41.650921","level":"info","event":"Filling up the DagBag from /opt/airflow/dags/user.py","logger":"airflow.models.dagbag.DagBag"}
{"timestamp":"2025-06-25T10:53:12.473038","level":"info","event":"Filling up the DagBag from /opt/airflow/dags/user.py","logger":"airflow.models.dagbag.DagBag"}
{"timestamp":"2025-06-25T10:53:43.423849","level":"info","event":"Filling up the DagBag from /opt/airflow/dags/user.py","logger":"airflow.models.dagbag.DagBag"}
{"timestamp":"2025-06-25T10:54:14.234143","level":"info","event":"Filling up the DagBag from /opt/airflow/dags/user.py","logger":"airflow.models.dagbag.DagBag"}
{"timestamp":"2025-06-25T10:54:45.019596","level":"info","event":"Filling up the DagBag from /opt/airflow/dags/user.py","logger":"airflow.models.dagbag.DagBag"}
{"timestamp":"2025-06-25T10:55:16.047230","level":"info","event":"Filling up the DagBag from /opt/airflow/dags/user.py","logger":"airflow.models.dagbag.DagBag"}
{"timestamp":"2025-06-25T10:55:46.863454","level":"info","event":"Filling up the DagBag from /opt/airflow/dags/user.py","logger":"airflow.models.dagbag.DagBag"}
{"timestamp":"2025-06-25T10:56:17.807435","level":"info","event":"Filling up the DagBag from /opt/airflow/dags/user.py","logger":"airflow.models.dagbag.DagBag"}
{"timestamp":"2025-06-25T10:56:48.590580","level":"info","event":"Filling up the DagBag from /opt/airflow/dags/user.py","logger":"airflow.models.dagbag.DagBag"}
{"timestamp":"2025-06-25T10:57:19.726464","level":"info","event":"Filling up the DagBag from /opt/airflow/dags/user.py","logger":"airflow.models.dagbag.DagBag"}
{"timestamp":"2025-06-25T10:57:51.344969","level":"info","event":"Filling up the DagBag from /opt/airflow/dags/user.py","logger":"airflow.models.dagbag.DagBag"}
{"timestamp":"2025-06-25T10:58:21.910716","level":"info","event":"Filling up the DagBag from /opt/airflow/dags/user.py","logger":"airflow.models.dagbag.DagBag"}
{"timestamp":"2025-06-25T10:58:52.826387","level":"info","event":"Filling up the DagBag from /opt/airflow/dags/user.py","logger":"airflow.models.dagbag.DagBag"}
{"timestamp":"2025-06-25T10:59:23.698265","level":"info","event":"Filling up the DagBag from /opt/airflow/dags/user.py","logger":"airflow.models.dagbag.DagBag"}
{"timestamp":"2025-06-25T10:59:54.548267","level":"info","event":"Filling up the DagBag from /opt/airflow/dags/user.py","logger":"airflow.models.dagbag.DagBag"}
{"timestamp":"2025-06-25T11:00:16.212157","level":"info","event":"Filling up the DagBag from /opt/airflow/dags/user.py","logger":"airflow.models.dagbag.DagBag"}
{"timestamp":"2025-06-25T11:00:47.138524","level":"info","event":"Filling up the DagBag from /opt/airflow/dags/user.py","logger":"airflow.models.dagbag.DagBag"}
{"timestamp":"2025-06-25T11:01:18.144725","level":"info","event":"Filling up the DagBag from /opt/airflow/dags/user.py","logger":"airflow.models.dagbag.DagBag"}
{"timestamp":"2025-06-25T11:01:48.568191","level":"info","event":"Filling up the DagBag from /opt/airflow/dags/user.py","logger":"airflow.models.dagbag.DagBag"}
{"timestamp":"2025-06-25T11:02:19.487234","level":"info","event":"Filling up the DagBag from /opt/airflow/dags/user.py","logger":"airflow.models.dagbag.DagBag"}
{"timestamp":"2025-06-25T11:02:50.478518","level":"info","event":"Filling up the DagBag from /opt/airflow/dags/user.py","logger":"airflow.models.dagbag.DagBag"}
{"timestamp":"2025-06-25T11:03:20.883111","level":"info","event":"Filling up the DagBag from /opt/airflow/dags/user.py","logger":"airflow.models.dagbag.DagBag"}
{"timestamp":"2025-06-25T11:03:52.024374","level":"info","event":"Filling up the DagBag from /opt/airflow/dags/user.py","logger":"airflow.models.dagbag.DagBag"}
{"timestamp":"2025-06-25T11:04:22.888224","level":"info","event":"Filling up the DagBag from /opt/airflow/dags/user.py","logger":"airflow.models.dagbag.DagBag"}
{"timestamp":"2025-06-25T11:04:53.829169","level":"info","event":"Filling up the DagBag from /opt/airflow/dags/user.py","logger":"airflow.models.dagbag.DagBag"}
{"timestamp":"2025-06-25T11:04:54.979101","level":"info","event":"Filling up the DagBag from /opt/airflow/dags/user.py","logger":"airflow.models.dagbag.DagBag"}
{"timestamp":"2025-06-25T11:05:15.887667","level":"info","event":"Filling up the DagBag from /opt/airflow/dags/user.py","logger":"airflow.models.dagbag.DagBag"}
{"timestamp":"2025-06-25T11:05:46.709364","level":"info","event":"Filling up the DagBag from /opt/airflow/dags/user.py","logger":"airflow.models.dagbag.DagBag"}
{"timestamp":"2025-06-25T11:06:17.576148","level":"info","event":"Filling up the DagBag from /opt/airflow/dags/user.py","logger":"airflow.models.dagbag.DagBag"}
{"timestamp":"2025-06-25T11:06:48.548223","level":"info","event":"Filling up the DagBag from /opt/airflow/dags/user.py","logger":"airflow.models.dagbag.DagBag"}
{"timestamp":"2025-06-25T11:07:18.827097","level":"info","event":"Filling up the DagBag from /opt/airflow/dags/user.py","logger":"airflow.models.dagbag.DagBag"}
{"timestamp":"2025-06-25T11:07:49.759645","level":"info","event":"Filling up the DagBag from /opt/airflow/dags/user.py","logger":"airflow.models.dagbag.DagBag"}
{"timestamp":"2025-06-25T11:08:20.670597","level":"info","event":"Filling up the DagBag from /opt/airflow/dags/user.py","logger":"airflow.models.dagbag.DagBag"}
{"timestamp":"2025-06-25T11:08:51.473909","level":"info","event":"Filling up the DagBag from /opt/airflow/dags/user.py","logger":"airflow.models.dagbag.DagBag"}
{"timestamp":"2025-06-25T11:09:22.421140","level":"info","event":"Filling up the DagBag from /opt/airflow/dags/user.py","logger":"airflow.models.dagbag.DagBag"}
{"timestamp":"2025-06-25T11:09:52.650634","level":"info","event":"Filling up the DagBag from /opt/airflow/dags/user.py","logger":"airflow.models.dagbag.DagBag"}
{"timestamp":"2025-06-25T11:10:23.467301","level":"info","event":"Filling up the DagBag from /opt/airflow/dags/user.py","logger":"airflow.models.dagbag.DagBag"}
{"timestamp":"2025-06-25T11:10:34.814794","level":"info","event":"Filling up the DagBag from /opt/airflow/dags/user.py","logger":"airflow.models.dagbag.DagBag"}
{"timestamp":"2025-06-25T11:10:34.838381","level":"error","event":"Failed to import: /opt/airflow/dags/user.py","logger":"airflow.models.dagbag.DagBag","error_detail":[{"exc_type":"IndentationError","exc_value":"unindent does not match any outer indentation level (user.py, line 21)","exc_notes":[],"syntax_error":{"offset":12,"filename":"/opt/airflow/dags/user.py","line":"    return[\n","lineno":21,"msg":"unindent does not match any outer indentation level"},"is_cause":false,"frames":[{"filename":"/home/airflow/.local/lib/python3.12/site-packages/airflow/models/dagbag.py","lineno":384,"name":"parse"},{"filename":"<frozen importlib._bootstrap_external>","lineno":995,"name":"exec_module"},{"filename":"<frozen importlib._bootstrap_external>","lineno":1133,"name":"get_code"},{"filename":"<frozen importlib._bootstrap_external>","lineno":1063,"name":"source_to_code"},{"filename":"<frozen importlib._bootstrap>","lineno":488,"name":"_call_with_frames_removed"}]}]}
{"timestamp":"2025-06-25T11:10:59.447716","level":"info","event":"Filling up the DagBag from /opt/airflow/dags/user.py","logger":"airflow.models.dagbag.DagBag"}
{"timestamp":"2025-06-25T11:10:59.485874","level":"error","event":"Failed to import: /opt/airflow/dags/user.py","logger":"airflow.models.dagbag.DagBag","error_detail":[{"exc_type":"TypeError","exc_value":"asset.multi.__init__() missing 2 required keyword-only arguments: 'schedule' and 'outlets'","exc_notes":[],"syntax_error":null,"is_cause":false,"frames":[{"filename":"/home/airflow/.local/lib/python3.12/site-packages/airflow/models/dagbag.py","lineno":384,"name":"parse"},{"filename":"<frozen importlib._bootstrap_external>","lineno":999,"name":"exec_module"},{"filename":"<frozen importlib._bootstrap>","lineno":488,"name":"_call_with_frames_removed"},{"filename":"/opt/airflow/dags/user.py","lineno":14,"name":"<module>"}]}]}
{"timestamp":"2025-06-25T11:11:04.709719","level":"info","event":"Filling up the DagBag from /opt/airflow/dags/user.py","logger":"airflow.models.dagbag.DagBag"}
{"timestamp":"2025-06-25T11:11:04.744750","level":"error","event":"Failed to import: /opt/airflow/dags/user.py","logger":"airflow.models.dagbag.DagBag","error_detail":[{"exc_type":"TypeError","exc_value":"asset.multi.__init__() missing 2 required keyword-only arguments: 'schedule' and 'outlets'","exc_notes":[],"syntax_error":null,"is_cause":false,"frames":[{"filename":"/home/airflow/.local/lib/python3.12/site-packages/airflow/models/dagbag.py","lineno":384,"name":"parse"},{"filename":"<frozen importlib._bootstrap_external>","lineno":999,"name":"exec_module"},{"filename":"<frozen importlib._bootstrap>","lineno":488,"name":"_call_with_frames_removed"},{"filename":"/opt/airflow/dags/user.py","lineno":14,"name":"<module>"}]}]}
{"timestamp":"2025-06-25T11:11:35.540163","level":"info","event":"Filling up the DagBag from /opt/airflow/dags/user.py","logger":"airflow.models.dagbag.DagBag"}
{"timestamp":"2025-06-25T11:11:35.556133","level":"error","event":"Failed to import: /opt/airflow/dags/user.py","logger":"airflow.models.dagbag.DagBag","error_detail":[{"exc_type":"TypeError","exc_value":"asset.multi.__init__() missing 2 required keyword-only arguments: 'schedule' and 'outlets'","exc_notes":[],"syntax_error":null,"is_cause":false,"frames":[{"filename":"/home/airflow/.local/lib/python3.12/site-packages/airflow/models/dagbag.py","lineno":384,"name":"parse"},{"filename":"<frozen importlib._bootstrap_external>","lineno":999,"name":"exec_module"},{"filename":"<frozen importlib._bootstrap>","lineno":488,"name":"_call_with_frames_removed"},{"filename":"/opt/airflow/dags/user.py","lineno":14,"name":"<module>"}]}]}
{"timestamp":"2025-06-25T11:12:06.510177","level":"info","event":"Filling up the DagBag from /opt/airflow/dags/user.py","logger":"airflow.models.dagbag.DagBag"}
{"timestamp":"2025-06-25T11:12:06.534301","level":"error","event":"Failed to import: /opt/airflow/dags/user.py","logger":"airflow.models.dagbag.DagBag","error_detail":[{"exc_type":"TypeError","exc_value":"asset.multi.__init__() missing 2 required keyword-only arguments: 'schedule' and 'outlets'","exc_notes":[],"syntax_error":null,"is_cause":false,"frames":[{"filename":"/home/airflow/.local/lib/python3.12/site-packages/airflow/models/dagbag.py","lineno":384,"name":"parse"},{"filename":"<frozen importlib._bootstrap_external>","lineno":999,"name":"exec_module"},{"filename":"<frozen importlib._bootstrap>","lineno":488,"name":"_call_with_frames_removed"},{"filename":"/opt/airflow/dags/user.py","lineno":14,"name":"<module>"}]}]}
{"timestamp":"2025-06-25T11:12:10.730350","level":"info","event":"Filling up the DagBag from /opt/airflow/dags/user.py","logger":"airflow.models.dagbag.DagBag"}
{"timestamp":"2025-06-25T11:12:10.774353","level":"error","event":"Failed to import: /opt/airflow/dags/user.py","logger":"airflow.models.dagbag.DagBag","error_detail":[{"exc_type":"TypeError","exc_value":"asset.multi.__init__() missing 1 required keyword-only argument: 'schedule'","exc_notes":[],"syntax_error":null,"is_cause":false,"frames":[{"filename":"/home/airflow/.local/lib/python3.12/site-packages/airflow/models/dagbag.py","lineno":384,"name":"parse"},{"filename":"<frozen importlib._bootstrap_external>","lineno":999,"name":"exec_module"},{"filename":"<frozen importlib._bootstrap>","lineno":488,"name":"_call_with_frames_removed"},{"filename":"/opt/airflow/dags/user.py","lineno":14,"name":"<module>"}]}]}
{"timestamp":"2025-06-25T11:12:41.746422","level":"info","event":"Filling up the DagBag from /opt/airflow/dags/user.py","logger":"airflow.models.dagbag.DagBag"}
{"timestamp":"2025-06-25T11:12:41.771510","level":"error","event":"Failed to import: /opt/airflow/dags/user.py","logger":"airflow.models.dagbag.DagBag","error_detail":[{"exc_type":"TypeError","exc_value":"asset.multi.__init__() missing 1 required keyword-only argument: 'schedule'","exc_notes":[],"syntax_error":null,"is_cause":false,"frames":[{"filename":"/home/airflow/.local/lib/python3.12/site-packages/airflow/models/dagbag.py","lineno":384,"name":"parse"},{"filename":"<frozen importlib._bootstrap_external>","lineno":999,"name":"exec_module"},{"filename":"<frozen importlib._bootstrap>","lineno":488,"name":"_call_with_frames_removed"},{"filename":"/opt/airflow/dags/user.py","lineno":14,"name":"<module>"}]}]}
{"timestamp":"2025-06-25T11:12:45.958822","level":"info","event":"Filling up the DagBag from /opt/airflow/dags/user.py","logger":"airflow.models.dagbag.DagBag"}
{"timestamp":"2025-06-25T11:13:03.863481","level":"info","event":"Filling up the DagBag from /opt/airflow/dags/user.py","logger":"airflow.models.dagbag.DagBag"}
{"timestamp":"2025-06-25T11:13:34.798286","level":"info","event":"Filling up the DagBag from /opt/airflow/dags/user.py","logger":"airflow.models.dagbag.DagBag"}
{"timestamp":"2025-06-25T11:14:05.684019","level":"info","event":"Filling up the DagBag from /opt/airflow/dags/user.py","logger":"airflow.models.dagbag.DagBag"}
{"timestamp":"2025-06-25T11:14:36.449346","level":"info","event":"Filling up the DagBag from /opt/airflow/dags/user.py","logger":"airflow.models.dagbag.DagBag"}
{"timestamp":"2025-06-25T11:15:07.457163","level":"info","event":"Filling up the DagBag from /opt/airflow/dags/user.py","logger":"airflow.models.dagbag.DagBag"}
{"timestamp":"2025-06-25T11:15:38.303401","level":"info","event":"Filling up the DagBag from /opt/airflow/dags/user.py","logger":"airflow.models.dagbag.DagBag"}
{"timestamp":"2025-06-25T11:16:09.196148","level":"info","event":"Filling up the DagBag from /opt/airflow/dags/user.py","logger":"airflow.models.dagbag.DagBag"}
{"timestamp":"2025-06-25T11:16:39.929245","level":"info","event":"Filling up the DagBag from /opt/airflow/dags/user.py","logger":"airflow.models.dagbag.DagBag"}
{"timestamp":"2025-06-25T11:17:10.730450","level":"info","event":"Filling up the DagBag from /opt/airflow/dags/user.py","logger":"airflow.models.dagbag.DagBag"}
{"timestamp":"2025-06-25T11:17:41.544592","level":"info","event":"Filling up the DagBag from /opt/airflow/dags/user.py","logger":"airflow.models.dagbag.DagBag"}
{"timestamp":"2025-06-25T11:18:12.340645","level":"info","event":"Filling up the DagBag from /opt/airflow/dags/user.py","logger":"airflow.models.dagbag.DagBag"}
{"timestamp":"2025-06-25T11:18:43.238193","level":"info","event":"Filling up the DagBag from /opt/airflow/dags/user.py","logger":"airflow.models.dagbag.DagBag"}
{"timestamp":"2025-06-25T11:19:14.015153","level":"info","event":"Filling up the DagBag from /opt/airflow/dags/user.py","logger":"airflow.models.dagbag.DagBag"}
{"timestamp":"2025-06-25T11:19:44.877411","level":"info","event":"Filling up the DagBag from /opt/airflow/dags/user.py","logger":"airflow.models.dagbag.DagBag"}
{"timestamp":"2025-06-25T11:20:15.845830","level":"info","event":"Filling up the DagBag from /opt/airflow/dags/user.py","logger":"airflow.models.dagbag.DagBag"}
{"timestamp":"2025-06-25T11:20:46.653564","level":"info","event":"Filling up the DagBag from /opt/airflow/dags/user.py","logger":"airflow.models.dagbag.DagBag"}
{"timestamp":"2025-06-25T11:21:17.491264","level":"info","event":"Filling up the DagBag from /opt/airflow/dags/user.py","logger":"airflow.models.dagbag.DagBag"}
{"timestamp":"2025-06-25T11:21:48.260553","level":"info","event":"Filling up the DagBag from /opt/airflow/dags/user.py","logger":"airflow.models.dagbag.DagBag"}
{"timestamp":"2025-06-25T11:22:19.193894","level":"info","event":"Filling up the DagBag from /opt/airflow/dags/user.py","logger":"airflow.models.dagbag.DagBag"}
{"timestamp":"2025-06-25T11:22:49.980287","level":"info","event":"Filling up the DagBag from /opt/airflow/dags/user.py","logger":"airflow.models.dagbag.DagBag"}
{"timestamp":"2025-06-25T11:23:20.784561","level":"info","event":"Filling up the DagBag from /opt/airflow/dags/user.py","logger":"airflow.models.dagbag.DagBag"}
{"timestamp":"2025-06-25T11:23:51.684217","level":"info","event":"Filling up the DagBag from /opt/airflow/dags/user.py","logger":"airflow.models.dagbag.DagBag"}
{"timestamp":"2025-06-25T11:24:22.490493","level":"info","event":"Filling up the DagBag from /opt/airflow/dags/user.py","logger":"airflow.models.dagbag.DagBag"}
{"timestamp":"2025-06-25T11:24:53.291582","level":"info","event":"Filling up the DagBag from /opt/airflow/dags/user.py","logger":"airflow.models.dagbag.DagBag"}
{"timestamp":"2025-06-25T11:25:24.105162","level":"info","event":"Filling up the DagBag from /opt/airflow/dags/user.py","logger":"airflow.models.dagbag.DagBag"}
{"timestamp":"2025-06-25T11:25:55.031450","level":"info","event":"Filling up the DagBag from /opt/airflow/dags/user.py","logger":"airflow.models.dagbag.DagBag"}
{"timestamp":"2025-06-25T11:26:25.826039","level":"info","event":"Filling up the DagBag from /opt/airflow/dags/user.py","logger":"airflow.models.dagbag.DagBag"}
{"timestamp":"2025-06-25T11:26:56.653024","level":"info","event":"Filling up the DagBag from /opt/airflow/dags/user.py","logger":"airflow.models.dagbag.DagBag"}
{"timestamp":"2025-06-25T11:27:27.522171","level":"info","event":"Filling up the DagBag from /opt/airflow/dags/user.py","logger":"airflow.models.dagbag.DagBag"}
{"timestamp":"2025-06-25T11:27:58.349323","level":"info","event":"Filling up the DagBag from /opt/airflow/dags/user.py","logger":"airflow.models.dagbag.DagBag"}
{"timestamp":"2025-06-25T11:28:29.509893","level":"info","event":"Filling up the DagBag from /opt/airflow/dags/user.py","logger":"airflow.models.dagbag.DagBag"}
{"timestamp":"2025-06-25T11:29:00.319277","level":"info","event":"Filling up the DagBag from /opt/airflow/dags/user.py","logger":"airflow.models.dagbag.DagBag"}
{"timestamp":"2025-06-25T11:29:31.191558","level":"info","event":"Filling up the DagBag from /opt/airflow/dags/user.py","logger":"airflow.models.dagbag.DagBag"}
{"timestamp":"2025-06-25T11:30:02.135382","level":"info","event":"Filling up the DagBag from /opt/airflow/dags/user.py","logger":"airflow.models.dagbag.DagBag"}
{"timestamp":"2025-06-25T11:30:32.971460","level":"info","event":"Filling up the DagBag from /opt/airflow/dags/user.py","logger":"airflow.models.dagbag.DagBag"}
{"timestamp":"2025-06-25T11:31:03.880245","level":"info","event":"Filling up the DagBag from /opt/airflow/dags/user.py","logger":"airflow.models.dagbag.DagBag"}
{"timestamp":"2025-06-25T11:31:34.670564","level":"info","event":"Filling up the DagBag from /opt/airflow/dags/user.py","logger":"airflow.models.dagbag.DagBag"}
{"timestamp":"2025-06-25T11:32:05.489759","level":"info","event":"Filling up the DagBag from /opt/airflow/dags/user.py","logger":"airflow.models.dagbag.DagBag"}
{"timestamp":"2025-06-25T11:32:36.251040","level":"info","event":"Filling up the DagBag from /opt/airflow/dags/user.py","logger":"airflow.models.dagbag.DagBag"}
{"timestamp":"2025-06-25T11:33:07.172928","level":"info","event":"Filling up the DagBag from /opt/airflow/dags/user.py","logger":"airflow.models.dagbag.DagBag"}
{"timestamp":"2025-06-25T11:33:38.030329","level":"info","event":"Filling up the DagBag from /opt/airflow/dags/user.py","logger":"airflow.models.dagbag.DagBag"}
{"timestamp":"2025-06-25T11:34:08.811523","level":"info","event":"Filling up the DagBag from /opt/airflow/dags/user.py","logger":"airflow.models.dagbag.DagBag"}
{"timestamp":"2025-06-25T11:34:39.654751","level":"info","event":"Filling up the DagBag from /opt/airflow/dags/user.py","logger":"airflow.models.dagbag.DagBag"}
{"timestamp":"2025-06-25T11:35:10.493114","level":"info","event":"Filling up the DagBag from /opt/airflow/dags/user.py","logger":"airflow.models.dagbag.DagBag"}
{"timestamp":"2025-06-25T11:35:41.353163","level":"info","event":"Filling up the DagBag from /opt/airflow/dags/user.py","logger":"airflow.models.dagbag.DagBag"}
{"timestamp":"2025-06-25T11:36:12.139361","level":"info","event":"Filling up the DagBag from /opt/airflow/dags/user.py","logger":"airflow.models.dagbag.DagBag"}
{"timestamp":"2025-06-25T11:36:43.023068","level":"info","event":"Filling up the DagBag from /opt/airflow/dags/user.py","logger":"airflow.models.dagbag.DagBag"}
{"timestamp":"2025-06-25T11:37:13.857815","level":"info","event":"Filling up the DagBag from /opt/airflow/dags/user.py","logger":"airflow.models.dagbag.DagBag"}
{"timestamp":"2025-06-25T11:37:44.775906","level":"info","event":"Filling up the DagBag from /opt/airflow/dags/user.py","logger":"airflow.models.dagbag.DagBag"}
{"timestamp":"2025-06-25T11:38:15.693314","level":"info","event":"Filling up the DagBag from /opt/airflow/dags/user.py","logger":"airflow.models.dagbag.DagBag"}
{"timestamp":"2025-06-25T11:38:46.506198","level":"info","event":"Filling up the DagBag from /opt/airflow/dags/user.py","logger":"airflow.models.dagbag.DagBag"}
{"timestamp":"2025-06-25T11:39:17.324881","level":"info","event":"Filling up the DagBag from /opt/airflow/dags/user.py","logger":"airflow.models.dagbag.DagBag"}
{"timestamp":"2025-06-25T11:39:48.121934","level":"info","event":"Filling up the DagBag from /opt/airflow/dags/user.py","logger":"airflow.models.dagbag.DagBag"}
{"timestamp":"2025-06-25T11:40:18.954257","level":"info","event":"Filling up the DagBag from /opt/airflow/dags/user.py","logger":"airflow.models.dagbag.DagBag"}
{"timestamp":"2025-06-25T11:40:49.816043","level":"info","event":"Filling up the DagBag from /opt/airflow/dags/user.py","logger":"airflow.models.dagbag.DagBag"}
{"timestamp":"2025-06-25T11:41:20.639219","level":"info","event":"Filling up the DagBag from /opt/airflow/dags/user.py","logger":"airflow.models.dagbag.DagBag"}
{"timestamp":"2025-06-25T11:41:51.492643","level":"info","event":"Filling up the DagBag from /opt/airflow/dags/user.py","logger":"airflow.models.dagbag.DagBag"}
{"timestamp":"2025-06-25T11:42:22.312200","level":"info","event":"Filling up the DagBag from /opt/airflow/dags/user.py","logger":"airflow.models.dagbag.DagBag"}
{"timestamp":"2025-06-25T11:42:53.188935","level":"info","event":"Filling up the DagBag from /opt/airflow/dags/user.py","logger":"airflow.models.dagbag.DagBag"}
{"timestamp":"2025-06-25T11:43:24.015877","level":"info","event":"Filling up the DagBag from /opt/airflow/dags/user.py","logger":"airflow.models.dagbag.DagBag"}
{"timestamp":"2025-06-25T11:43:54.870282","level":"info","event":"Filling up the DagBag from /opt/airflow/dags/user.py","logger":"airflow.models.dagbag.DagBag"}
{"timestamp":"2025-06-25T11:44:25.718062","level":"info","event":"Filling up the DagBag from /opt/airflow/dags/user.py","logger":"airflow.models.dagbag.DagBag"}
{"timestamp":"2025-06-25T11:44:56.587231","level":"info","event":"Filling up the DagBag from /opt/airflow/dags/user.py","logger":"airflow.models.dagbag.DagBag"}
{"timestamp":"2025-06-25T11:45:27.463953","level":"info","event":"Filling up the DagBag from /opt/airflow/dags/user.py","logger":"airflow.models.dagbag.DagBag"}
{"timestamp":"2025-06-25T11:45:58.233451","level":"info","event":"Filling up the DagBag from /opt/airflow/dags/user.py","logger":"airflow.models.dagbag.DagBag"}
{"timestamp":"2025-06-25T11:46:29.017589","level":"info","event":"Filling up the DagBag from /opt/airflow/dags/user.py","logger":"airflow.models.dagbag.DagBag"}
{"timestamp":"2025-06-25T11:46:59.918956","level":"info","event":"Filling up the DagBag from /opt/airflow/dags/user.py","logger":"airflow.models.dagbag.DagBag"}
{"timestamp":"2025-06-25T11:47:30.755960","level":"info","event":"Filling up the DagBag from /opt/airflow/dags/user.py","logger":"airflow.models.dagbag.DagBag"}
{"timestamp":"2025-06-25T11:48:01.593585","level":"info","event":"Filling up the DagBag from /opt/airflow/dags/user.py","logger":"airflow.models.dagbag.DagBag"}
{"timestamp":"2025-06-25T11:48:32.471071","level":"info","event":"Filling up the DagBag from /opt/airflow/dags/user.py","logger":"airflow.models.dagbag.DagBag"}
{"timestamp":"2025-06-25T11:49:03.307023","level":"info","event":"Filling up the DagBag from /opt/airflow/dags/user.py","logger":"airflow.models.dagbag.DagBag"}
{"timestamp":"2025-06-25T11:49:34.284281","level":"info","event":"Filling up the DagBag from /opt/airflow/dags/user.py","logger":"airflow.models.dagbag.DagBag"}
{"timestamp":"2025-06-25T11:50:05.067559","level":"info","event":"Filling up the DagBag from /opt/airflow/dags/user.py","logger":"airflow.models.dagbag.DagBag"}
{"timestamp":"2025-06-25T11:50:35.983559","level":"info","event":"Filling up the DagBag from /opt/airflow/dags/user.py","logger":"airflow.models.dagbag.DagBag"}
{"timestamp":"2025-06-25T11:51:06.849460","level":"info","event":"Filling up the DagBag from /opt/airflow/dags/user.py","logger":"airflow.models.dagbag.DagBag"}
{"timestamp":"2025-06-25T11:51:37.666201","level":"info","event":"Filling up the DagBag from /opt/airflow/dags/user.py","logger":"airflow.models.dagbag.DagBag"}
{"timestamp":"2025-06-25T11:52:08.546124","level":"info","event":"Filling up the DagBag from /opt/airflow/dags/user.py","logger":"airflow.models.dagbag.DagBag"}
{"timestamp":"2025-06-25T11:52:39.355987","level":"info","event":"Filling up the DagBag from /opt/airflow/dags/user.py","logger":"airflow.models.dagbag.DagBag"}
{"timestamp":"2025-06-25T11:53:10.178748","level":"info","event":"Filling up the DagBag from /opt/airflow/dags/user.py","logger":"airflow.models.dagbag.DagBag"}
{"timestamp":"2025-06-25T11:53:40.990619","level":"info","event":"Filling up the DagBag from /opt/airflow/dags/user.py","logger":"airflow.models.dagbag.DagBag"}
{"timestamp":"2025-06-25T11:54:11.970055","level":"info","event":"Filling up the DagBag from /opt/airflow/dags/user.py","logger":"airflow.models.dagbag.DagBag"}
{"timestamp":"2025-06-25T11:54:42.770199","level":"info","event":"Filling up the DagBag from /opt/airflow/dags/user.py","logger":"airflow.models.dagbag.DagBag"}
{"timestamp":"2025-06-25T11:55:13.504717","level":"info","event":"Filling up the DagBag from /opt/airflow/dags/user.py","logger":"airflow.models.dagbag.DagBag"}
{"timestamp":"2025-06-25T11:55:44.291498","level":"info","event":"Filling up the DagBag from /opt/airflow/dags/user.py","logger":"airflow.models.dagbag.DagBag"}
{"timestamp":"2025-06-25T11:56:15.214750","level":"info","event":"Filling up the DagBag from /opt/airflow/dags/user.py","logger":"airflow.models.dagbag.DagBag"}
{"timestamp":"2025-06-25T11:56:46.107235","level":"info","event":"Filling up the DagBag from /opt/airflow/dags/user.py","logger":"airflow.models.dagbag.DagBag"}
{"timestamp":"2025-06-25T11:57:16.986679","level":"info","event":"Filling up the DagBag from /opt/airflow/dags/user.py","logger":"airflow.models.dagbag.DagBag"}
{"timestamp":"2025-06-25T11:57:47.835662","level":"info","event":"Filling up the DagBag from /opt/airflow/dags/user.py","logger":"airflow.models.dagbag.DagBag"}
{"timestamp":"2025-06-25T11:58:18.663826","level":"info","event":"Filling up the DagBag from /opt/airflow/dags/user.py","logger":"airflow.models.dagbag.DagBag"}
{"timestamp":"2025-06-25T11:58:49.479262","level":"info","event":"Filling up the DagBag from /opt/airflow/dags/user.py","logger":"airflow.models.dagbag.DagBag"}
{"timestamp":"2025-06-25T11:59:20.304332","level":"info","event":"Filling up the DagBag from /opt/airflow/dags/user.py","logger":"airflow.models.dagbag.DagBag"}
{"timestamp":"2025-06-25T11:59:51.072048","level":"info","event":"Filling up the DagBag from /opt/airflow/dags/user.py","logger":"airflow.models.dagbag.DagBag"}
{"timestamp":"2025-06-25T12:00:21.909504","level":"info","event":"Filling up the DagBag from /opt/airflow/dags/user.py","logger":"airflow.models.dagbag.DagBag"}
{"timestamp":"2025-06-25T12:00:52.844627","level":"info","event":"Filling up the DagBag from /opt/airflow/dags/user.py","logger":"airflow.models.dagbag.DagBag"}
{"timestamp":"2025-06-25T12:01:23.769502","level":"info","event":"Filling up the DagBag from /opt/airflow/dags/user.py","logger":"airflow.models.dagbag.DagBag"}
{"timestamp":"2025-06-25T12:01:54.553816","level":"info","event":"Filling up the DagBag from /opt/airflow/dags/user.py","logger":"airflow.models.dagbag.DagBag"}
{"timestamp":"2025-06-25T12:02:25.478425","level":"info","event":"Filling up the DagBag from /opt/airflow/dags/user.py","logger":"airflow.models.dagbag.DagBag"}
{"timestamp":"2025-06-25T12:02:56.281566","level":"info","event":"Filling up the DagBag from /opt/airflow/dags/user.py","logger":"airflow.models.dagbag.DagBag"}
{"timestamp":"2025-06-25T12:03:27.153430","level":"info","event":"Filling up the DagBag from /opt/airflow/dags/user.py","logger":"airflow.models.dagbag.DagBag"}
{"timestamp":"2025-06-25T12:03:58.102697","level":"info","event":"Filling up the DagBag from /opt/airflow/dags/user.py","logger":"airflow.models.dagbag.DagBag"}
{"timestamp":"2025-06-25T12:04:28.990303","level":"info","event":"Filling up the DagBag from /opt/airflow/dags/user.py","logger":"airflow.models.dagbag.DagBag"}
{"timestamp":"2025-06-25T12:04:59.802391","level":"info","event":"Filling up the DagBag from /opt/airflow/dags/user.py","logger":"airflow.models.dagbag.DagBag"}
{"timestamp":"2025-06-25T12:05:30.679785","level":"info","event":"Filling up the DagBag from /opt/airflow/dags/user.py","logger":"airflow.models.dagbag.DagBag"}
{"timestamp":"2025-06-25T12:06:01.527110","level":"info","event":"Filling up the DagBag from /opt/airflow/dags/user.py","logger":"airflow.models.dagbag.DagBag"}
{"timestamp":"2025-06-25T12:06:32.503406","level":"info","event":"Filling up the DagBag from /opt/airflow/dags/user.py","logger":"airflow.models.dagbag.DagBag"}
{"timestamp":"2025-06-25T12:07:03.310534","level":"info","event":"Filling up the DagBag from /opt/airflow/dags/user.py","logger":"airflow.models.dagbag.DagBag"}
{"timestamp":"2025-06-25T12:07:34.115099","level":"info","event":"Filling up the DagBag from /opt/airflow/dags/user.py","logger":"airflow.models.dagbag.DagBag"}
{"timestamp":"2025-06-25T12:08:04.928846","level":"info","event":"Filling up the DagBag from /opt/airflow/dags/user.py","logger":"airflow.models.dagbag.DagBag"}
{"timestamp":"2025-06-25T12:08:35.758582","level":"info","event":"Filling up the DagBag from /opt/airflow/dags/user.py","logger":"airflow.models.dagbag.DagBag"}
{"timestamp":"2025-06-25T12:09:06.577429","level":"info","event":"Filling up the DagBag from /opt/airflow/dags/user.py","logger":"airflow.models.dagbag.DagBag"}
{"timestamp":"2025-06-25T12:09:37.409659","level":"info","event":"Filling up the DagBag from /opt/airflow/dags/user.py","logger":"airflow.models.dagbag.DagBag"}
{"timestamp":"2025-06-25T12:10:08.257233","level":"info","event":"Filling up the DagBag from /opt/airflow/dags/user.py","logger":"airflow.models.dagbag.DagBag"}
{"timestamp":"2025-06-25T12:10:39.112919","level":"info","event":"Filling up the DagBag from /opt/airflow/dags/user.py","logger":"airflow.models.dagbag.DagBag"}
{"timestamp":"2025-06-25T12:11:09.953731","level":"info","event":"Filling up the DagBag from /opt/airflow/dags/user.py","logger":"airflow.models.dagbag.DagBag"}
{"timestamp":"2025-06-25T12:11:40.751545","level":"info","event":"Filling up the DagBag from /opt/airflow/dags/user.py","logger":"airflow.models.dagbag.DagBag"}
{"timestamp":"2025-06-25T12:12:11.570515","level":"info","event":"Filling up the DagBag from /opt/airflow/dags/user.py","logger":"airflow.models.dagbag.DagBag"}
{"timestamp":"2025-06-25T12:12:42.510356","level":"info","event":"Filling up the DagBag from /opt/airflow/dags/user.py","logger":"airflow.models.dagbag.DagBag"}
{"timestamp":"2025-06-25T12:13:13.381048","level":"info","event":"Filling up the DagBag from /opt/airflow/dags/user.py","logger":"airflow.models.dagbag.DagBag"}
{"timestamp":"2025-06-25T12:13:44.163030","level":"info","event":"Filling up the DagBag from /opt/airflow/dags/user.py","logger":"airflow.models.dagbag.DagBag"}
{"timestamp":"2025-06-25T12:14:15.018072","level":"info","event":"Filling up the DagBag from /opt/airflow/dags/user.py","logger":"airflow.models.dagbag.DagBag"}
{"timestamp":"2025-06-25T12:14:45.850761","level":"info","event":"Filling up the DagBag from /opt/airflow/dags/user.py","logger":"airflow.models.dagbag.DagBag"}
{"timestamp":"2025-06-25T12:15:16.682146","level":"info","event":"Filling up the DagBag from /opt/airflow/dags/user.py","logger":"airflow.models.dagbag.DagBag"}
{"timestamp":"2025-06-25T12:15:47.391556","level":"info","event":"Filling up the DagBag from /opt/airflow/dags/user.py","logger":"airflow.models.dagbag.DagBag"}
{"timestamp":"2025-06-25T12:16:18.273728","level":"info","event":"Filling up the DagBag from /opt/airflow/dags/user.py","logger":"airflow.models.dagbag.DagBag"}
{"timestamp":"2025-06-25T12:16:49.143233","level":"info","event":"Filling up the DagBag from /opt/airflow/dags/user.py","logger":"airflow.models.dagbag.DagBag"}
{"timestamp":"2025-06-25T12:17:19.935160","level":"info","event":"Filling up the DagBag from /opt/airflow/dags/user.py","logger":"airflow.models.dagbag.DagBag"}
{"timestamp":"2025-06-25T12:17:50.753359","level":"info","event":"Filling up the DagBag from /opt/airflow/dags/user.py","logger":"airflow.models.dagbag.DagBag"}
{"timestamp":"2025-06-25T12:18:21.632320","level":"info","event":"Filling up the DagBag from /opt/airflow/dags/user.py","logger":"airflow.models.dagbag.DagBag"}
{"timestamp":"2025-06-25T12:18:52.482614","level":"info","event":"Filling up the DagBag from /opt/airflow/dags/user.py","logger":"airflow.models.dagbag.DagBag"}
{"timestamp":"2025-06-25T12:19:23.368548","level":"info","event":"Filling up the DagBag from /opt/airflow/dags/user.py","logger":"airflow.models.dagbag.DagBag"}
{"timestamp":"2025-06-25T12:19:54.237691","level":"info","event":"Filling up the DagBag from /opt/airflow/dags/user.py","logger":"airflow.models.dagbag.DagBag"}
{"timestamp":"2025-06-25T12:20:25.149546","level":"info","event":"Filling up the DagBag from /opt/airflow/dags/user.py","logger":"airflow.models.dagbag.DagBag"}
{"timestamp":"2025-06-25T12:20:56.048499","level":"info","event":"Filling up the DagBag from /opt/airflow/dags/user.py","logger":"airflow.models.dagbag.DagBag"}
{"timestamp":"2025-06-25T12:21:26.896487","level":"info","event":"Filling up the DagBag from /opt/airflow/dags/user.py","logger":"airflow.models.dagbag.DagBag"}
{"timestamp":"2025-06-25T12:21:57.768239","level":"info","event":"Filling up the DagBag from /opt/airflow/dags/user.py","logger":"airflow.models.dagbag.DagBag"}
{"timestamp":"2025-06-25T12:22:28.609303","level":"info","event":"Filling up the DagBag from /opt/airflow/dags/user.py","logger":"airflow.models.dagbag.DagBag"}
{"timestamp":"2025-06-25T12:22:59.504231","level":"info","event":"Filling up the DagBag from /opt/airflow/dags/user.py","logger":"airflow.models.dagbag.DagBag"}
{"timestamp":"2025-06-25T12:23:30.387130","level":"info","event":"Filling up the DagBag from /opt/airflow/dags/user.py","logger":"airflow.models.dagbag.DagBag"}
{"timestamp":"2025-06-25T12:24:01.170825","level":"info","event":"Filling up the DagBag from /opt/airflow/dags/user.py","logger":"airflow.models.dagbag.DagBag"}
{"timestamp":"2025-06-25T12:24:32.057629","level":"info","event":"Filling up the DagBag from /opt/airflow/dags/user.py","logger":"airflow.models.dagbag.DagBag"}
{"timestamp":"2025-06-25T12:25:02.862388","level":"info","event":"Filling up the DagBag from /opt/airflow/dags/user.py","logger":"airflow.models.dagbag.DagBag"}
{"timestamp":"2025-06-25T12:25:33.719815","level":"info","event":"Filling up the DagBag from /opt/airflow/dags/user.py","logger":"airflow.models.dagbag.DagBag"}
{"timestamp":"2025-06-25T12:26:04.714389","level":"info","event":"Filling up the DagBag from /opt/airflow/dags/user.py","logger":"airflow.models.dagbag.DagBag"}
{"timestamp":"2025-06-25T12:26:35.694959","level":"info","event":"Filling up the DagBag from /opt/airflow/dags/user.py","logger":"airflow.models.dagbag.DagBag"}
{"timestamp":"2025-06-25T12:27:06.525295","level":"info","event":"Filling up the DagBag from /opt/airflow/dags/user.py","logger":"airflow.models.dagbag.DagBag"}
{"timestamp":"2025-06-25T12:27:37.392536","level":"info","event":"Filling up the DagBag from /opt/airflow/dags/user.py","logger":"airflow.models.dagbag.DagBag"}
{"timestamp":"2025-06-25T12:28:08.231478","level":"info","event":"Filling up the DagBag from /opt/airflow/dags/user.py","logger":"airflow.models.dagbag.DagBag"}
{"timestamp":"2025-06-25T12:28:39.047189","level":"info","event":"Filling up the DagBag from /opt/airflow/dags/user.py","logger":"airflow.models.dagbag.DagBag"}
{"timestamp":"2025-06-25T12:29:09.934304","level":"info","event":"Filling up the DagBag from /opt/airflow/dags/user.py","logger":"airflow.models.dagbag.DagBag"}
{"timestamp":"2025-06-25T12:29:40.714148","level":"info","event":"Filling up the DagBag from /opt/airflow/dags/user.py","logger":"airflow.models.dagbag.DagBag"}
{"timestamp":"2025-06-25T12:30:11.693507","level":"info","event":"Filling up the DagBag from /opt/airflow/dags/user.py","logger":"airflow.models.dagbag.DagBag"}
{"timestamp":"2025-06-25T12:30:42.200409","level":"info","event":"Filling up the DagBag from /opt/airflow/dags/user.py","logger":"airflow.models.dagbag.DagBag"}
{"timestamp":"2025-06-25T12:31:12.942062","level":"info","event":"Filling up the DagBag from /opt/airflow/dags/user.py","logger":"airflow.models.dagbag.DagBag"}
{"timestamp":"2025-06-25T12:35:38.563986","level":"info","event":"Filling up the DagBag from /opt/airflow/dags/user.py","logger":"airflow.models.dagbag.DagBag"}
{"timestamp":"2025-06-25T12:36:23.924488","level":"info","event":"Filling up the DagBag from /opt/airflow/dags/user.py","logger":"airflow.models.dagbag.DagBag"}
{"timestamp":"2025-06-25T12:36:55.250507","level":"info","event":"Filling up the DagBag from /opt/airflow/dags/user.py","logger":"airflow.models.dagbag.DagBag"}
{"timestamp":"2025-06-25T12:37:25.520501","level":"info","event":"Filling up the DagBag from /opt/airflow/dags/user.py","logger":"airflow.models.dagbag.DagBag"}
{"timestamp":"2025-06-25T12:37:57.479033","level":"info","event":"Filling up the DagBag from /opt/airflow/dags/user.py","logger":"airflow.models.dagbag.DagBag"}
{"timestamp":"2025-06-25T12:38:28.796730","level":"info","event":"Filling up the DagBag from /opt/airflow/dags/user.py","logger":"airflow.models.dagbag.DagBag"}
{"timestamp":"2025-06-25T12:38:59.701132","level":"info","event":"Filling up the DagBag from /opt/airflow/dags/user.py","logger":"airflow.models.dagbag.DagBag"}
{"timestamp":"2025-06-25T12:39:30.671448","level":"info","event":"Filling up the DagBag from /opt/airflow/dags/user.py","logger":"airflow.models.dagbag.DagBag"}
{"timestamp":"2025-06-25T12:41:33.450222","level":"info","event":"Filling up the DagBag from /opt/airflow/dags/user.py","logger":"airflow.models.dagbag.DagBag"}
{"timestamp":"2025-06-25T12:42:08.455312","level":"info","event":"Filling up the DagBag from /opt/airflow/dags/user.py","logger":"airflow.models.dagbag.DagBag"}
{"timestamp":"2025-06-25T12:42:39.234578","level":"info","event":"Filling up the DagBag from /opt/airflow/dags/user.py","logger":"airflow.models.dagbag.DagBag"}
{"timestamp":"2025-06-25T12:43:09.997955","level":"info","event":"Filling up the DagBag from /opt/airflow/dags/user.py","logger":"airflow.models.dagbag.DagBag"}
{"timestamp":"2025-06-25T12:43:40.978302","level":"info","event":"Filling up the DagBag from /opt/airflow/dags/user.py","logger":"airflow.models.dagbag.DagBag"}
{"timestamp":"2025-06-25T12:44:11.768989","level":"info","event":"Filling up the DagBag from /opt/airflow/dags/user.py","logger":"airflow.models.dagbag.DagBag"}
{"timestamp":"2025-06-25T12:44:42.729895","level":"info","event":"Filling up the DagBag from /opt/airflow/dags/user.py","logger":"airflow.models.dagbag.DagBag"}
{"timestamp":"2025-06-25T12:45:13.701248","level":"info","event":"Filling up the DagBag from /opt/airflow/dags/user.py","logger":"airflow.models.dagbag.DagBag"}
{"timestamp":"2025-06-25T12:45:44.657928","level":"info","event":"Filling up the DagBag from /opt/airflow/dags/user.py","logger":"airflow.models.dagbag.DagBag"}
{"timestamp":"2025-06-25T12:46:15.538896","level":"info","event":"Filling up the DagBag from /opt/airflow/dags/user.py","logger":"airflow.models.dagbag.DagBag"}
{"timestamp":"2025-06-25T12:46:46.393992","level":"info","event":"Filling up the DagBag from /opt/airflow/dags/user.py","logger":"airflow.models.dagbag.DagBag"}
{"timestamp":"2025-06-25T12:47:17.335160","level":"info","event":"Filling up the DagBag from /opt/airflow/dags/user.py","logger":"airflow.models.dagbag.DagBag"}
{"timestamp":"2025-06-25T12:47:48.154184","level":"info","event":"Filling up the DagBag from /opt/airflow/dags/user.py","logger":"airflow.models.dagbag.DagBag"}
{"timestamp":"2025-06-25T12:48:19.026493","level":"info","event":"Filling up the DagBag from /opt/airflow/dags/user.py","logger":"airflow.models.dagbag.DagBag"}
{"timestamp":"2025-06-25T12:48:50.136248","level":"info","event":"Filling up the DagBag from /opt/airflow/dags/user.py","logger":"airflow.models.dagbag.DagBag"}
{"timestamp":"2025-06-25T12:49:21.250774","level":"info","event":"Filling up the DagBag from /opt/airflow/dags/user.py","logger":"airflow.models.dagbag.DagBag"}
{"timestamp":"2025-06-25T12:49:52.553804","level":"info","event":"Filling up the DagBag from /opt/airflow/dags/user.py","logger":"airflow.models.dagbag.DagBag"}
{"timestamp":"2025-06-25T12:50:23.473572","level":"info","event":"Filling up the DagBag from /opt/airflow/dags/user.py","logger":"airflow.models.dagbag.DagBag"}
{"timestamp":"2025-06-25T12:50:54.361684","level":"info","event":"Filling up the DagBag from /opt/airflow/dags/user.py","logger":"airflow.models.dagbag.DagBag"}
{"timestamp":"2025-06-25T12:51:25.157813","level":"info","event":"Filling up the DagBag from /opt/airflow/dags/user.py","logger":"airflow.models.dagbag.DagBag"}
{"timestamp":"2025-06-25T12:51:55.617173","level":"info","event":"Filling up the DagBag from /opt/airflow/dags/user.py","logger":"airflow.models.dagbag.DagBag"}
{"timestamp":"2025-06-25T12:52:25.962084","level":"info","event":"Filling up the DagBag from /opt/airflow/dags/user.py","logger":"airflow.models.dagbag.DagBag"}
{"timestamp":"2025-06-25T12:55:09.580654","level":"info","event":"Filling up the DagBag from /opt/airflow/dags/user.py","logger":"airflow.models.dagbag.DagBag"}
{"timestamp":"2025-06-25T12:55:46.688746","level":"info","event":"Filling up the DagBag from /opt/airflow/dags/user.py","logger":"airflow.models.dagbag.DagBag"}
{"timestamp":"2025-06-25T12:56:17.278711","level":"info","event":"Filling up the DagBag from /opt/airflow/dags/user.py","logger":"airflow.models.dagbag.DagBag"}
{"timestamp":"2025-06-25T12:56:48.938795","level":"info","event":"Filling up the DagBag from /opt/airflow/dags/user.py","logger":"airflow.models.dagbag.DagBag"}
{"timestamp":"2025-06-25T12:57:19.250257","level":"info","event":"Filling up the DagBag from /opt/airflow/dags/user.py","logger":"airflow.models.dagbag.DagBag"}
{"timestamp":"2025-06-25T12:57:49.673505","level":"info","event":"Filling up the DagBag from /opt/airflow/dags/user.py","logger":"airflow.models.dagbag.DagBag"}
{"timestamp":"2025-06-25T12:58:19.905827","level":"info","event":"Filling up the DagBag from /opt/airflow/dags/user.py","logger":"airflow.models.dagbag.DagBag"}
{"timestamp":"2025-06-25T12:58:51.034092","level":"info","event":"Filling up the DagBag from /opt/airflow/dags/user.py","logger":"airflow.models.dagbag.DagBag"}
{"timestamp":"2025-06-25T12:59:21.315852","level":"info","event":"Filling up the DagBag from /opt/airflow/dags/user.py","logger":"airflow.models.dagbag.DagBag"}
{"timestamp":"2025-06-25T12:59:51.539614","level":"info","event":"Filling up the DagBag from /opt/airflow/dags/user.py","logger":"airflow.models.dagbag.DagBag"}
{"timestamp":"2025-06-25T13:00:21.914850","level":"info","event":"Filling up the DagBag from /opt/airflow/dags/user.py","logger":"airflow.models.dagbag.DagBag"}
{"timestamp":"2025-06-25T13:00:52.090320","level":"info","event":"Filling up the DagBag from /opt/airflow/dags/user.py","logger":"airflow.models.dagbag.DagBag"}
{"timestamp":"2025-06-25T13:01:22.322188","level":"info","event":"Filling up the DagBag from /opt/airflow/dags/user.py","logger":"airflow.models.dagbag.DagBag"}
{"timestamp":"2025-06-25T13:01:53.778160","level":"info","event":"Filling up the DagBag from /opt/airflow/dags/user.py","logger":"airflow.models.dagbag.DagBag"}
{"timestamp":"2025-06-25T13:02:23.949166","level":"info","event":"Filling up the DagBag from /opt/airflow/dags/user.py","logger":"airflow.models.dagbag.DagBag"}
{"timestamp":"2025-06-25T13:02:54.169897","level":"info","event":"Filling up the DagBag from /opt/airflow/dags/user.py","logger":"airflow.models.dagbag.DagBag"}
{"timestamp":"2025-06-25T13:03:25.269374","level":"info","event":"Filling up the DagBag from /opt/airflow/dags/user.py","logger":"airflow.models.dagbag.DagBag"}
{"timestamp":"2025-06-25T13:03:56.352792","level":"info","event":"Filling up the DagBag from /opt/airflow/dags/user.py","logger":"airflow.models.dagbag.DagBag"}
{"timestamp":"2025-06-25T13:04:27.451382","level":"info","event":"Filling up the DagBag from /opt/airflow/dags/user.py","logger":"airflow.models.dagbag.DagBag"}
{"timestamp":"2025-06-25T13:04:58.485645","level":"info","event":"Filling up the DagBag from /opt/airflow/dags/user.py","logger":"airflow.models.dagbag.DagBag"}
{"timestamp":"2025-06-25T13:05:29.571277","level":"info","event":"Filling up the DagBag from /opt/airflow/dags/user.py","logger":"airflow.models.dagbag.DagBag"}
{"timestamp":"2025-06-25T13:06:00.644168","level":"info","event":"Filling up the DagBag from /opt/airflow/dags/user.py","logger":"airflow.models.dagbag.DagBag"}
{"timestamp":"2025-06-25T13:06:31.641710","level":"info","event":"Filling up the DagBag from /opt/airflow/dags/user.py","logger":"airflow.models.dagbag.DagBag"}
{"timestamp":"2025-06-25T13:07:01.907630","level":"info","event":"Filling up the DagBag from /opt/airflow/dags/user.py","logger":"airflow.models.dagbag.DagBag"}
{"timestamp":"2025-06-25T13:07:32.867198","level":"info","event":"Filling up the DagBag from /opt/airflow/dags/user.py","logger":"airflow.models.dagbag.DagBag"}
{"timestamp":"2025-06-25T13:08:03.874364","level":"info","event":"Filling up the DagBag from /opt/airflow/dags/user.py","logger":"airflow.models.dagbag.DagBag"}
{"timestamp":"2025-06-25T13:08:34.699123","level":"info","event":"Filling up the DagBag from /opt/airflow/dags/user.py","logger":"airflow.models.dagbag.DagBag"}
{"timestamp":"2025-06-25T13:09:05.142971","level":"info","event":"Filling up the DagBag from /opt/airflow/dags/user.py","logger":"airflow.models.dagbag.DagBag"}
{"timestamp":"2025-06-25T13:09:35.346893","level":"info","event":"Filling up the DagBag from /opt/airflow/dags/user.py","logger":"airflow.models.dagbag.DagBag"}
{"timestamp":"2025-06-25T13:10:06.328144","level":"info","event":"Filling up the DagBag from /opt/airflow/dags/user.py","logger":"airflow.models.dagbag.DagBag"}
{"timestamp":"2025-06-25T13:10:37.361936","level":"info","event":"Filling up the DagBag from /opt/airflow/dags/user.py","logger":"airflow.models.dagbag.DagBag"}
{"timestamp":"2025-06-25T13:11:07.504763","level":"info","event":"Filling up the DagBag from /opt/airflow/dags/user.py","logger":"airflow.models.dagbag.DagBag"}
{"timestamp":"2025-06-25T13:11:38.414961","level":"info","event":"Filling up the DagBag from /opt/airflow/dags/user.py","logger":"airflow.models.dagbag.DagBag"}
{"timestamp":"2025-06-25T13:12:08.762726","level":"info","event":"Filling up the DagBag from /opt/airflow/dags/user.py","logger":"airflow.models.dagbag.DagBag"}
{"timestamp":"2025-06-25T13:12:40.070668","level":"info","event":"Filling up the DagBag from /opt/airflow/dags/user.py","logger":"airflow.models.dagbag.DagBag"}
{"timestamp":"2025-06-25T13:13:10.317249","level":"info","event":"Filling up the DagBag from /opt/airflow/dags/user.py","logger":"airflow.models.dagbag.DagBag"}
{"timestamp":"2025-06-25T13:13:41.363387","level":"info","event":"Filling up the DagBag from /opt/airflow/dags/user.py","logger":"airflow.models.dagbag.DagBag"}
{"timestamp":"2025-06-25T13:14:11.649462","level":"info","event":"Filling up the DagBag from /opt/airflow/dags/user.py","logger":"airflow.models.dagbag.DagBag"}
{"timestamp":"2025-06-25T13:14:42.727094","level":"info","event":"Filling up the DagBag from /opt/airflow/dags/user.py","logger":"airflow.models.dagbag.DagBag"}
{"timestamp":"2025-06-25T13:15:12.941233","level":"info","event":"Filling up the DagBag from /opt/airflow/dags/user.py","logger":"airflow.models.dagbag.DagBag"}
{"timestamp":"2025-06-25T13:18:38.629271","level":"info","event":"Filling up the DagBag from /opt/airflow/dags/user.py","logger":"airflow.models.dagbag.DagBag"}
{"timestamp":"2025-06-25T13:19:17.289310","level":"info","event":"Filling up the DagBag from /opt/airflow/dags/user.py","logger":"airflow.models.dagbag.DagBag"}
{"timestamp":"2025-06-25T13:19:47.782144","level":"info","event":"Filling up the DagBag from /opt/airflow/dags/user.py","logger":"airflow.models.dagbag.DagBag"}
{"timestamp":"2025-06-25T13:20:18.368641","level":"info","event":"Filling up the DagBag from /opt/airflow/dags/user.py","logger":"airflow.models.dagbag.DagBag"}
{"timestamp":"2025-06-25T13:20:50.619869","level":"info","event":"Filling up the DagBag from /opt/airflow/dags/user.py","logger":"airflow.models.dagbag.DagBag"}
{"timestamp":"2025-06-25T13:21:22.371875","level":"info","event":"Filling up the DagBag from /opt/airflow/dags/user.py","logger":"airflow.models.dagbag.DagBag"}
{"timestamp":"2025-06-25T13:21:53.651100","level":"info","event":"Filling up the DagBag from /opt/airflow/dags/user.py","logger":"airflow.models.dagbag.DagBag"}
{"timestamp":"2025-06-25T13:22:24.068099","level":"info","event":"Filling up the DagBag from /opt/airflow/dags/user.py","logger":"airflow.models.dagbag.DagBag"}
{"timestamp":"2025-06-25T13:22:54.593122","level":"info","event":"Filling up the DagBag from /opt/airflow/dags/user.py","logger":"airflow.models.dagbag.DagBag"}
{"timestamp":"2025-06-25T13:23:25.648812","level":"info","event":"Filling up the DagBag from /opt/airflow/dags/user.py","logger":"airflow.models.dagbag.DagBag"}
{"timestamp":"2025-06-25T13:23:56.608302","level":"info","event":"Filling up the DagBag from /opt/airflow/dags/user.py","logger":"airflow.models.dagbag.DagBag"}
{"timestamp":"2025-06-25T13:24:27.736480","level":"info","event":"Filling up the DagBag from /opt/airflow/dags/user.py","logger":"airflow.models.dagbag.DagBag"}
{"timestamp":"2025-06-25T13:24:58.906888","level":"info","event":"Filling up the DagBag from /opt/airflow/dags/user.py","logger":"airflow.models.dagbag.DagBag"}
{"timestamp":"2025-06-25T13:25:29.497327","level":"info","event":"Filling up the DagBag from /opt/airflow/dags/user.py","logger":"airflow.models.dagbag.DagBag"}
{"timestamp":"2025-06-25T13:25:59.885869","level":"info","event":"Filling up the DagBag from /opt/airflow/dags/user.py","logger":"airflow.models.dagbag.DagBag"}
{"timestamp":"2025-06-25T13:26:30.792740","level":"info","event":"Filling up the DagBag from /opt/airflow/dags/user.py","logger":"airflow.models.dagbag.DagBag"}
{"timestamp":"2025-06-25T13:27:01.754541","level":"info","event":"Filling up the DagBag from /opt/airflow/dags/user.py","logger":"airflow.models.dagbag.DagBag"}
{"timestamp":"2025-06-25T13:27:32.699053","level":"info","event":"Filling up the DagBag from /opt/airflow/dags/user.py","logger":"airflow.models.dagbag.DagBag"}
{"timestamp":"2025-06-25T13:28:03.724494","level":"info","event":"Filling up the DagBag from /opt/airflow/dags/user.py","logger":"airflow.models.dagbag.DagBag"}
{"timestamp":"2025-06-25T13:28:34.650222","level":"info","event":"Filling up the DagBag from /opt/airflow/dags/user.py","logger":"airflow.models.dagbag.DagBag"}
{"timestamp":"2025-06-25T13:29:05.569140","level":"info","event":"Filling up the DagBag from /opt/airflow/dags/user.py","logger":"airflow.models.dagbag.DagBag"}
{"timestamp":"2025-06-25T13:29:36.613058","level":"info","event":"Filling up the DagBag from /opt/airflow/dags/user.py","logger":"airflow.models.dagbag.DagBag"}
{"timestamp":"2025-06-25T13:30:07.736718","level":"info","event":"Filling up the DagBag from /opt/airflow/dags/user.py","logger":"airflow.models.dagbag.DagBag"}
{"timestamp":"2025-06-25T13:30:38.776093","level":"info","event":"Filling up the DagBag from /opt/airflow/dags/user.py","logger":"airflow.models.dagbag.DagBag"}
{"timestamp":"2025-06-25T13:31:09.722650","level":"info","event":"Filling up the DagBag from /opt/airflow/dags/user.py","logger":"airflow.models.dagbag.DagBag"}
{"timestamp":"2025-06-25T13:31:40.886481","level":"info","event":"Filling up the DagBag from /opt/airflow/dags/user.py","logger":"airflow.models.dagbag.DagBag"}
{"timestamp":"2025-06-25T13:32:12.075577","level":"info","event":"Filling up the DagBag from /opt/airflow/dags/user.py","logger":"airflow.models.dagbag.DagBag"}
{"timestamp":"2025-06-25T13:32:43.027831","level":"info","event":"Filling up the DagBag from /opt/airflow/dags/user.py","logger":"airflow.models.dagbag.DagBag"}
{"timestamp":"2025-06-25T13:33:13.883480","level":"info","event":"Filling up the DagBag from /opt/airflow/dags/user.py","logger":"airflow.models.dagbag.DagBag"}
{"timestamp":"2025-06-25T13:33:44.060452","level":"info","event":"Filling up the DagBag from /opt/airflow/dags/user.py","logger":"airflow.models.dagbag.DagBag"}
{"timestamp":"2025-06-25T13:34:14.231789","level":"info","event":"Filling up the DagBag from /opt/airflow/dags/user.py","logger":"airflow.models.dagbag.DagBag"}
{"timestamp":"2025-06-25T13:34:45.153082","level":"info","event":"Filling up the DagBag from /opt/airflow/dags/user.py","logger":"airflow.models.dagbag.DagBag"}
{"timestamp":"2025-06-25T13:35:16.149087","level":"info","event":"Filling up the DagBag from /opt/airflow/dags/user.py","logger":"airflow.models.dagbag.DagBag"}
{"timestamp":"2025-06-25T13:35:47.080104","level":"info","event":"Filling up the DagBag from /opt/airflow/dags/user.py","logger":"airflow.models.dagbag.DagBag"}
{"timestamp":"2025-06-25T13:36:18.068260","level":"info","event":"Filling up the DagBag from /opt/airflow/dags/user.py","logger":"airflow.models.dagbag.DagBag"}
{"timestamp":"2025-06-25T13:36:49.096100","level":"info","event":"Filling up the DagBag from /opt/airflow/dags/user.py","logger":"airflow.models.dagbag.DagBag"}
{"timestamp":"2025-06-25T13:37:20.235365","level":"info","event":"Filling up the DagBag from /opt/airflow/dags/user.py","logger":"airflow.models.dagbag.DagBag"}
{"timestamp":"2025-06-25T13:37:51.303433","level":"info","event":"Filling up the DagBag from /opt/airflow/dags/user.py","logger":"airflow.models.dagbag.DagBag"}
{"timestamp":"2025-06-25T13:38:22.443123","level":"info","event":"Filling up the DagBag from /opt/airflow/dags/user.py","logger":"airflow.models.dagbag.DagBag"}
{"timestamp":"2025-06-25T13:38:53.530165","level":"info","event":"Filling up the DagBag from /opt/airflow/dags/user.py","logger":"airflow.models.dagbag.DagBag"}
{"timestamp":"2025-06-25T13:39:24.683933","level":"info","event":"Filling up the DagBag from /opt/airflow/dags/user.py","logger":"airflow.models.dagbag.DagBag"}
{"timestamp":"2025-06-25T13:39:55.619274","level":"info","event":"Filling up the DagBag from /opt/airflow/dags/user.py","logger":"airflow.models.dagbag.DagBag"}
{"timestamp":"2025-06-25T13:40:26.582482","level":"info","event":"Filling up the DagBag from /opt/airflow/dags/user.py","logger":"airflow.models.dagbag.DagBag"}
{"timestamp":"2025-06-25T13:40:57.587815","level":"info","event":"Filling up the DagBag from /opt/airflow/dags/user.py","logger":"airflow.models.dagbag.DagBag"}
{"timestamp":"2025-06-25T13:41:28.513081","level":"info","event":"Filling up the DagBag from /opt/airflow/dags/user.py","logger":"airflow.models.dagbag.DagBag"}
{"timestamp":"2025-06-25T13:41:59.515548","level":"info","event":"Filling up the DagBag from /opt/airflow/dags/user.py","logger":"airflow.models.dagbag.DagBag"}
{"timestamp":"2025-06-25T13:42:30.401433","level":"info","event":"Filling up the DagBag from /opt/airflow/dags/user.py","logger":"airflow.models.dagbag.DagBag"}
{"timestamp":"2025-06-25T13:43:01.377614","level":"info","event":"Filling up the DagBag from /opt/airflow/dags/user.py","logger":"airflow.models.dagbag.DagBag"}
{"timestamp":"2025-06-25T13:43:32.337105","level":"info","event":"Filling up the DagBag from /opt/airflow/dags/user.py","logger":"airflow.models.dagbag.DagBag"}
{"timestamp":"2025-06-25T13:44:03.370036","level":"info","event":"Filling up the DagBag from /opt/airflow/dags/user.py","logger":"airflow.models.dagbag.DagBag"}
{"timestamp":"2025-06-25T13:44:34.503318","level":"info","event":"Filling up the DagBag from /opt/airflow/dags/user.py","logger":"airflow.models.dagbag.DagBag"}
{"timestamp":"2025-06-25T13:45:05.460627","level":"info","event":"Filling up the DagBag from /opt/airflow/dags/user.py","logger":"airflow.models.dagbag.DagBag"}
{"timestamp":"2025-06-25T13:45:36.474823","level":"info","event":"Filling up the DagBag from /opt/airflow/dags/user.py","logger":"airflow.models.dagbag.DagBag"}
{"timestamp":"2025-06-25T13:46:07.503912","level":"info","event":"Filling up the DagBag from /opt/airflow/dags/user.py","logger":"airflow.models.dagbag.DagBag"}
{"timestamp":"2025-06-25T13:46:38.395759","level":"info","event":"Filling up the DagBag from /opt/airflow/dags/user.py","logger":"airflow.models.dagbag.DagBag"}
{"timestamp":"2025-06-25T13:47:09.365889","level":"info","event":"Filling up the DagBag from /opt/airflow/dags/user.py","logger":"airflow.models.dagbag.DagBag"}
{"timestamp":"2025-06-25T13:47:40.384741","level":"info","event":"Filling up the DagBag from /opt/airflow/dags/user.py","logger":"airflow.models.dagbag.DagBag"}
{"timestamp":"2025-06-25T13:48:11.432453","level":"info","event":"Filling up the DagBag from /opt/airflow/dags/user.py","logger":"airflow.models.dagbag.DagBag"}
{"timestamp":"2025-06-25T13:48:42.510453","level":"info","event":"Filling up the DagBag from /opt/airflow/dags/user.py","logger":"airflow.models.dagbag.DagBag"}
{"timestamp":"2025-06-25T13:49:13.468324","level":"info","event":"Filling up the DagBag from /opt/airflow/dags/user.py","logger":"airflow.models.dagbag.DagBag"}
{"timestamp":"2025-06-25T13:49:44.430283","level":"info","event":"Filling up the DagBag from /opt/airflow/dags/user.py","logger":"airflow.models.dagbag.DagBag"}
{"timestamp":"2025-06-25T13:50:15.367619","level":"info","event":"Filling up the DagBag from /opt/airflow/dags/user.py","logger":"airflow.models.dagbag.DagBag"}
{"timestamp":"2025-06-25T13:50:46.413436","level":"info","event":"Filling up the DagBag from /opt/airflow/dags/user.py","logger":"airflow.models.dagbag.DagBag"}
{"timestamp":"2025-06-25T13:51:16.711150","level":"info","event":"Filling up the DagBag from /opt/airflow/dags/user.py","logger":"airflow.models.dagbag.DagBag"}
{"timestamp":"2025-06-25T13:51:47.001836","level":"info","event":"Filling up the DagBag from /opt/airflow/dags/user.py","logger":"airflow.models.dagbag.DagBag"}
{"timestamp":"2025-06-25T13:52:17.207090","level":"info","event":"Filling up the DagBag from /opt/airflow/dags/user.py","logger":"airflow.models.dagbag.DagBag"}
{"timestamp":"2025-06-25T13:52:48.154348","level":"info","event":"Filling up the DagBag from /opt/airflow/dags/user.py","logger":"airflow.models.dagbag.DagBag"}
{"timestamp":"2025-06-25T13:53:19.179003","level":"info","event":"Filling up the DagBag from /opt/airflow/dags/user.py","logger":"airflow.models.dagbag.DagBag"}
{"timestamp":"2025-06-25T13:53:50.210366","level":"info","event":"Filling up the DagBag from /opt/airflow/dags/user.py","logger":"airflow.models.dagbag.DagBag"}
{"timestamp":"2025-06-25T13:54:20.358376","level":"info","event":"Filling up the DagBag from /opt/airflow/dags/user.py","logger":"airflow.models.dagbag.DagBag"}
{"timestamp":"2025-06-25T13:54:50.682032","level":"info","event":"Filling up the DagBag from /opt/airflow/dags/user.py","logger":"airflow.models.dagbag.DagBag"}
{"timestamp":"2025-06-25T13:55:20.828885","level":"info","event":"Filling up the DagBag from /opt/airflow/dags/user.py","logger":"airflow.models.dagbag.DagBag"}
{"timestamp":"2025-06-25T13:55:51.951349","level":"info","event":"Filling up the DagBag from /opt/airflow/dags/user.py","logger":"airflow.models.dagbag.DagBag"}
{"timestamp":"2025-06-25T13:56:22.263726","level":"info","event":"Filling up the DagBag from /opt/airflow/dags/user.py","logger":"airflow.models.dagbag.DagBag"}
{"timestamp":"2025-06-25T13:56:52.563153","level":"info","event":"Filling up the DagBag from /opt/airflow/dags/user.py","logger":"airflow.models.dagbag.DagBag"}
{"timestamp":"2025-06-25T13:57:23.643410","level":"info","event":"Filling up the DagBag from /opt/airflow/dags/user.py","logger":"airflow.models.dagbag.DagBag"}
{"timestamp":"2025-06-25T13:57:53.921034","level":"info","event":"Filling up the DagBag from /opt/airflow/dags/user.py","logger":"airflow.models.dagbag.DagBag"}
{"timestamp":"2025-06-25T13:58:24.985147","level":"info","event":"Filling up the DagBag from /opt/airflow/dags/user.py","logger":"airflow.models.dagbag.DagBag"}
{"timestamp":"2025-06-25T13:58:56.066718","level":"info","event":"Filling up the DagBag from /opt/airflow/dags/user.py","logger":"airflow.models.dagbag.DagBag"}
{"timestamp":"2025-06-25T13:59:26.455888","level":"info","event":"Filling up the DagBag from /opt/airflow/dags/user.py","logger":"airflow.models.dagbag.DagBag"}
{"timestamp":"2025-06-25T13:59:57.596039","level":"info","event":"Filling up the DagBag from /opt/airflow/dags/user.py","logger":"airflow.models.dagbag.DagBag"}
{"timestamp":"2025-06-25T14:00:27.787474","level":"info","event":"Filling up the DagBag from /opt/airflow/dags/user.py","logger":"airflow.models.dagbag.DagBag"}
{"timestamp":"2025-06-25T14:00:58.858579","level":"info","event":"Filling up the DagBag from /opt/airflow/dags/user.py","logger":"airflow.models.dagbag.DagBag"}
{"timestamp":"2025-06-25T14:01:29.818603","level":"info","event":"Filling up the DagBag from /opt/airflow/dags/user.py","logger":"airflow.models.dagbag.DagBag"}
{"timestamp":"2025-06-25T14:02:00.945324","level":"info","event":"Filling up the DagBag from /opt/airflow/dags/user.py","logger":"airflow.models.dagbag.DagBag"}
{"timestamp":"2025-06-25T14:02:31.195459","level":"info","event":"Filling up the DagBag from /opt/airflow/dags/user.py","logger":"airflow.models.dagbag.DagBag"}
{"timestamp":"2025-06-25T14:03:02.238003","level":"info","event":"Filling up the DagBag from /opt/airflow/dags/user.py","logger":"airflow.models.dagbag.DagBag"}
{"timestamp":"2025-06-25T14:03:32.540053","level":"info","event":"Filling up the DagBag from /opt/airflow/dags/user.py","logger":"airflow.models.dagbag.DagBag"}
{"timestamp":"2025-06-25T14:04:02.712673","level":"info","event":"Filling up the DagBag from /opt/airflow/dags/user.py","logger":"airflow.models.dagbag.DagBag"}
{"timestamp":"2025-06-25T14:04:32.915175","level":"info","event":"Filling up the DagBag from /opt/airflow/dags/user.py","logger":"airflow.models.dagbag.DagBag"}
{"timestamp":"2025-06-25T14:05:04.015474","level":"info","event":"Filling up the DagBag from /opt/airflow/dags/user.py","logger":"airflow.models.dagbag.DagBag"}
{"timestamp":"2025-06-25T14:05:34.259019","level":"info","event":"Filling up the DagBag from /opt/airflow/dags/user.py","logger":"airflow.models.dagbag.DagBag"}
{"timestamp":"2025-06-25T14:06:04.453429","level":"info","event":"Filling up the DagBag from /opt/airflow/dags/user.py","logger":"airflow.models.dagbag.DagBag"}
{"timestamp":"2025-06-25T14:06:34.650571","level":"info","event":"Filling up the DagBag from /opt/airflow/dags/user.py","logger":"airflow.models.dagbag.DagBag"}
{"timestamp":"2025-06-25T14:07:05.709414","level":"info","event":"Filling up the DagBag from /opt/airflow/dags/user.py","logger":"airflow.models.dagbag.DagBag"}
{"timestamp":"2025-06-25T14:07:36.674715","level":"info","event":"Filling up the DagBag from /opt/airflow/dags/user.py","logger":"airflow.models.dagbag.DagBag"}
{"timestamp":"2025-06-25T14:08:07.686861","level":"info","event":"Filling up the DagBag from /opt/airflow/dags/user.py","logger":"airflow.models.dagbag.DagBag"}
{"timestamp":"2025-06-25T14:08:39.022497","level":"info","event":"Filling up the DagBag from /opt/airflow/dags/user.py","logger":"airflow.models.dagbag.DagBag"}
{"timestamp":"2025-06-25T14:09:09.288218","level":"info","event":"Filling up the DagBag from /opt/airflow/dags/user.py","logger":"airflow.models.dagbag.DagBag"}
{"timestamp":"2025-06-25T14:09:39.452555","level":"info","event":"Filling up the DagBag from /opt/airflow/dags/user.py","logger":"airflow.models.dagbag.DagBag"}
{"timestamp":"2025-06-25T14:10:10.438552","level":"info","event":"Filling up the DagBag from /opt/airflow/dags/user.py","logger":"airflow.models.dagbag.DagBag"}
{"timestamp":"2025-06-25T14:10:41.460183","level":"info","event":"Filling up the DagBag from /opt/airflow/dags/user.py","logger":"airflow.models.dagbag.DagBag"}
{"timestamp":"2025-06-25T14:11:12.533226","level":"info","event":"Filling up the DagBag from /opt/airflow/dags/user.py","logger":"airflow.models.dagbag.DagBag"}
{"timestamp":"2025-06-25T14:11:43.502733","level":"info","event":"Filling up the DagBag from /opt/airflow/dags/user.py","logger":"airflow.models.dagbag.DagBag"}
{"timestamp":"2025-06-25T17:00:01.378300","level":"info","event":"Filling up the DagBag from /opt/airflow/dags/user.py","logger":"airflow.models.dagbag.DagBag"}
{"timestamp":"2025-06-25T17:01:33.785532","level":"info","event":"Filling up the DagBag from /opt/airflow/dags/user.py","logger":"airflow.models.dagbag.DagBag"}
{"timestamp":"2025-06-25T17:02:09.303344","level":"info","event":"Filling up the DagBag from /opt/airflow/dags/user.py","logger":"airflow.models.dagbag.DagBag"}
{"timestamp":"2025-06-25T17:02:39.748526","level":"info","event":"Filling up the DagBag from /opt/airflow/dags/user.py","logger":"airflow.models.dagbag.DagBag"}
{"timestamp":"2025-06-25T17:03:15.534278","level":"info","event":"Filling up the DagBag from /opt/airflow/dags/user.py","logger":"airflow.models.dagbag.DagBag"}
{"timestamp":"2025-06-25T17:03:51.275842","level":"info","event":"Filling up the DagBag from /opt/airflow/dags/user.py","logger":"airflow.models.dagbag.DagBag"}
{"timestamp":"2025-06-25T17:04:21.828021","level":"info","event":"Filling up the DagBag from /opt/airflow/dags/user.py","logger":"airflow.models.dagbag.DagBag"}
{"timestamp":"2025-06-25T17:04:52.427035","level":"info","event":"Filling up the DagBag from /opt/airflow/dags/user.py","logger":"airflow.models.dagbag.DagBag"}
{"timestamp":"2025-06-25T17:05:23.069553","level":"info","event":"Filling up the DagBag from /opt/airflow/dags/user.py","logger":"airflow.models.dagbag.DagBag"}
{"timestamp":"2025-06-25T17:05:53.463325","level":"info","event":"Filling up the DagBag from /opt/airflow/dags/user.py","logger":"airflow.models.dagbag.DagBag"}
{"timestamp":"2025-06-25T17:06:23.908858","level":"info","event":"Filling up the DagBag from /opt/airflow/dags/user.py","logger":"airflow.models.dagbag.DagBag"}
{"timestamp":"2025-06-25T17:06:59.440546","level":"info","event":"Filling up the DagBag from /opt/airflow/dags/user.py","logger":"airflow.models.dagbag.DagBag"}
{"timestamp":"2025-06-25T17:07:35.224860","level":"info","event":"Filling up the DagBag from /opt/airflow/dags/user.py","logger":"airflow.models.dagbag.DagBag"}
{"timestamp":"2025-06-25T17:08:36.396105","level":"info","event":"Filling up the DagBag from /opt/airflow/dags/user.py","logger":"airflow.models.dagbag.DagBag"}
{"timestamp":"2025-06-25T17:09:06.885607","level":"info","event":"Filling up the DagBag from /opt/airflow/dags/user.py","logger":"airflow.models.dagbag.DagBag"}
{"timestamp":"2025-06-25T17:09:42.688567","level":"info","event":"Filling up the DagBag from /opt/airflow/dags/user.py","logger":"airflow.models.dagbag.DagBag"}
{"timestamp":"2025-06-25T17:10:13.524588","level":"info","event":"Filling up the DagBag from /opt/airflow/dags/user.py","logger":"airflow.models.dagbag.DagBag"}
{"timestamp":"2025-06-25T17:11:19.975053","level":"info","event":"Filling up the DagBag from /opt/airflow/dags/user.py","logger":"airflow.models.dagbag.DagBag"}
{"timestamp":"2025-06-25T17:11:55.782321","level":"info","event":"Filling up the DagBag from /opt/airflow/dags/user.py","logger":"airflow.models.dagbag.DagBag"}
{"timestamp":"2025-06-25T17:12:26.327110","level":"info","event":"Filling up the DagBag from /opt/airflow/dags/user.py","logger":"airflow.models.dagbag.DagBag"}
{"timestamp":"2025-06-25T17:12:56.991534","level":"info","event":"Filling up the DagBag from /opt/airflow/dags/user.py","logger":"airflow.models.dagbag.DagBag"}
{"timestamp":"2025-06-25T17:13:27.701189","level":"info","event":"Filling up the DagBag from /opt/airflow/dags/user.py","logger":"airflow.models.dagbag.DagBag"}
{"timestamp":"2025-06-25T17:14:34.199785","level":"info","event":"Filling up the DagBag from /opt/airflow/dags/user.py","logger":"airflow.models.dagbag.DagBag"}
{"timestamp":"2025-06-25T17:15:04.912614","level":"info","event":"Filling up the DagBag from /opt/airflow/dags/user.py","logger":"airflow.models.dagbag.DagBag"}
{"timestamp":"2025-06-25T17:16:11.240664","level":"info","event":"Filling up the DagBag from /opt/airflow/dags/user.py","logger":"airflow.models.dagbag.DagBag"}
{"timestamp":"2025-06-25T17:33:35.318912","level":"info","event":"Filling up the DagBag from /opt/airflow/dags/user.py","logger":"airflow.models.dagbag.DagBag"}
{"timestamp":"2025-06-25T17:34:11.020298","level":"info","event":"Filling up the DagBag from /opt/airflow/dags/user.py","logger":"airflow.models.dagbag.DagBag"}
{"timestamp":"2025-06-25T17:34:41.400886","level":"info","event":"Filling up the DagBag from /opt/airflow/dags/user.py","logger":"airflow.models.dagbag.DagBag"}
{"timestamp":"2025-06-25T17:35:11.621815","level":"info","event":"Filling up the DagBag from /opt/airflow/dags/user.py","logger":"airflow.models.dagbag.DagBag"}
{"timestamp":"2025-06-25T17:35:42.707198","level":"info","event":"Filling up the DagBag from /opt/airflow/dags/user.py","logger":"airflow.models.dagbag.DagBag"}
{"timestamp":"2025-06-25T17:36:12.896333","level":"info","event":"Filling up the DagBag from /opt/airflow/dags/user.py","logger":"airflow.models.dagbag.DagBag"}
{"timestamp":"2025-06-25T17:36:43.132611","level":"info","event":"Filling up the DagBag from /opt/airflow/dags/user.py","logger":"airflow.models.dagbag.DagBag"}
{"timestamp":"2025-06-25T17:37:13.642817","level":"info","event":"Filling up the DagBag from /opt/airflow/dags/user.py","logger":"airflow.models.dagbag.DagBag"}
{"timestamp":"2025-06-25T17:37:43.849631","level":"info","event":"Filling up the DagBag from /opt/airflow/dags/user.py","logger":"airflow.models.dagbag.DagBag"}
{"timestamp":"2025-06-25T17:38:14.283111","level":"info","event":"Filling up the DagBag from /opt/airflow/dags/user.py","logger":"airflow.models.dagbag.DagBag"}
{"timestamp":"2025-06-25T17:38:44.830948","level":"info","event":"Filling up the DagBag from /opt/airflow/dags/user.py","logger":"airflow.models.dagbag.DagBag"}
{"timestamp":"2025-06-25T17:39:15.092232","level":"info","event":"Filling up the DagBag from /opt/airflow/dags/user.py","logger":"airflow.models.dagbag.DagBag"}
{"timestamp":"2025-06-25T17:39:45.447510","level":"info","event":"Filling up the DagBag from /opt/airflow/dags/user.py","logger":"airflow.models.dagbag.DagBag"}
{"timestamp":"2025-06-25T17:40:15.893550","level":"info","event":"Filling up the DagBag from /opt/airflow/dags/user.py","logger":"airflow.models.dagbag.DagBag"}
{"timestamp":"2025-06-25T17:40:46.242955","level":"info","event":"Filling up the DagBag from /opt/airflow/dags/user.py","logger":"airflow.models.dagbag.DagBag"}
{"timestamp":"2025-06-25T17:41:16.470480","level":"info","event":"Filling up the DagBag from /opt/airflow/dags/user.py","logger":"airflow.models.dagbag.DagBag"}
{"timestamp":"2025-06-25T17:41:47.289345","level":"info","event":"Filling up the DagBag from /opt/airflow/dags/user.py","logger":"airflow.models.dagbag.DagBag"}
{"timestamp":"2025-06-25T17:42:17.590136","level":"info","event":"Filling up the DagBag from /opt/airflow/dags/user.py","logger":"airflow.models.dagbag.DagBag"}
{"timestamp":"2025-06-25T17:42:47.852110","level":"info","event":"Filling up the DagBag from /opt/airflow/dags/user.py","logger":"airflow.models.dagbag.DagBag"}
{"timestamp":"2025-06-25T17:43:18.187405","level":"info","event":"Filling up the DagBag from /opt/airflow/dags/user.py","logger":"airflow.models.dagbag.DagBag"}
{"timestamp":"2025-06-25T17:43:49.025155","level":"info","event":"Filling up the DagBag from /opt/airflow/dags/user.py","logger":"airflow.models.dagbag.DagBag"}
{"timestamp":"2025-06-25T17:44:19.281567","level":"info","event":"Filling up the DagBag from /opt/airflow/dags/user.py","logger":"airflow.models.dagbag.DagBag"}
{"timestamp":"2025-06-25T17:44:49.551752","level":"info","event":"Filling up the DagBag from /opt/airflow/dags/user.py","logger":"airflow.models.dagbag.DagBag"}
{"timestamp":"2025-06-25T17:45:19.925034","level":"info","event":"Filling up the DagBag from /opt/airflow/dags/user.py","logger":"airflow.models.dagbag.DagBag"}
{"timestamp":"2025-06-25T17:45:50.156897","level":"info","event":"Filling up the DagBag from /opt/airflow/dags/user.py","logger":"airflow.models.dagbag.DagBag"}
{"timestamp":"2025-06-25T17:46:20.376383","level":"info","event":"Filling up the DagBag from /opt/airflow/dags/user.py","logger":"airflow.models.dagbag.DagBag"}
{"timestamp":"2025-06-25T17:46:50.649809","level":"info","event":"Filling up the DagBag from /opt/airflow/dags/user.py","logger":"airflow.models.dagbag.DagBag"}
{"timestamp":"2025-06-25T17:47:20.844687","level":"info","event":"Filling up the DagBag from /opt/airflow/dags/user.py","logger":"airflow.models.dagbag.DagBag"}
{"timestamp":"2025-06-25T17:47:51.125137","level":"info","event":"Filling up the DagBag from /opt/airflow/dags/user.py","logger":"airflow.models.dagbag.DagBag"}
{"timestamp":"2025-06-25T17:48:21.550905","level":"info","event":"Filling up the DagBag from /opt/airflow/dags/user.py","logger":"airflow.models.dagbag.DagBag"}
{"timestamp":"2025-06-25T17:48:52.081399","level":"info","event":"Filling up the DagBag from /opt/airflow/dags/user.py","logger":"airflow.models.dagbag.DagBag"}
{"timestamp":"2025-06-25T17:49:22.548048","level":"info","event":"Filling up the DagBag from /opt/airflow/dags/user.py","logger":"airflow.models.dagbag.DagBag"}
{"timestamp":"2025-06-25T17:49:52.807800","level":"info","event":"Filling up the DagBag from /opt/airflow/dags/user.py","logger":"airflow.models.dagbag.DagBag"}
{"timestamp":"2025-06-25T17:50:23.411597","level":"info","event":"Filling up the DagBag from /opt/airflow/dags/user.py","logger":"airflow.models.dagbag.DagBag"}
{"timestamp":"2025-06-25T17:50:53.832427","level":"info","event":"Filling up the DagBag from /opt/airflow/dags/user.py","logger":"airflow.models.dagbag.DagBag"}
{"timestamp":"2025-06-25T17:51:24.355713","level":"info","event":"Filling up the DagBag from /opt/airflow/dags/user.py","logger":"airflow.models.dagbag.DagBag"}
{"timestamp":"2025-06-25T17:51:54.784179","level":"info","event":"Filling up the DagBag from /opt/airflow/dags/user.py","logger":"airflow.models.dagbag.DagBag"}
{"timestamp":"2025-06-25T17:52:25.130912","level":"info","event":"Filling up the DagBag from /opt/airflow/dags/user.py","logger":"airflow.models.dagbag.DagBag"}
{"timestamp":"2025-06-25T17:52:55.410208","level":"info","event":"Filling up the DagBag from /opt/airflow/dags/user.py","logger":"airflow.models.dagbag.DagBag"}
{"timestamp":"2025-06-25T17:53:25.830930","level":"info","event":"Filling up the DagBag from /opt/airflow/dags/user.py","logger":"airflow.models.dagbag.DagBag"}
{"timestamp":"2025-06-25T17:53:56.373869","level":"info","event":"Filling up the DagBag from /opt/airflow/dags/user.py","logger":"airflow.models.dagbag.DagBag"}
{"timestamp":"2025-06-25T17:54:26.909341","level":"info","event":"Filling up the DagBag from /opt/airflow/dags/user.py","logger":"airflow.models.dagbag.DagBag"}
{"timestamp":"2025-06-25T17:54:57.216913","level":"info","event":"Filling up the DagBag from /opt/airflow/dags/user.py","logger":"airflow.models.dagbag.DagBag"}
{"timestamp":"2025-06-25T17:55:27.417829","level":"info","event":"Filling up the DagBag from /opt/airflow/dags/user.py","logger":"airflow.models.dagbag.DagBag"}
{"timestamp":"2025-06-25T17:55:57.851194","level":"info","event":"Filling up the DagBag from /opt/airflow/dags/user.py","logger":"airflow.models.dagbag.DagBag"}
{"timestamp":"2025-06-25T17:56:28.278311","level":"info","event":"Filling up the DagBag from /opt/airflow/dags/user.py","logger":"airflow.models.dagbag.DagBag"}
{"timestamp":"2025-06-25T17:56:58.496323","level":"info","event":"Filling up the DagBag from /opt/airflow/dags/user.py","logger":"airflow.models.dagbag.DagBag"}
{"timestamp":"2025-06-25T17:57:29.552203","level":"info","event":"Filling up the DagBag from /opt/airflow/dags/user.py","logger":"airflow.models.dagbag.DagBag"}
{"timestamp":"2025-06-25T17:57:59.766533","level":"info","event":"Filling up the DagBag from /opt/airflow/dags/user.py","logger":"airflow.models.dagbag.DagBag"}
{"timestamp":"2025-06-25T17:58:30.408587","level":"info","event":"Filling up the DagBag from /opt/airflow/dags/user.py","logger":"airflow.models.dagbag.DagBag"}
{"timestamp":"2025-06-25T17:59:01.418733","level":"info","event":"Filling up the DagBag from /opt/airflow/dags/user.py","logger":"airflow.models.dagbag.DagBag"}
{"timestamp":"2025-06-25T17:59:32.033711","level":"info","event":"Filling up the DagBag from /opt/airflow/dags/user.py","logger":"airflow.models.dagbag.DagBag"}
{"timestamp":"2025-06-25T18:00:03.045243","level":"info","event":"Filling up the DagBag from /opt/airflow/dags/user.py","logger":"airflow.models.dagbag.DagBag"}
{"timestamp":"2025-06-25T18:00:33.968552","level":"info","event":"Filling up the DagBag from /opt/airflow/dags/user.py","logger":"airflow.models.dagbag.DagBag"}
{"timestamp":"2025-06-25T18:01:04.610689","level":"info","event":"Filling up the DagBag from /opt/airflow/dags/user.py","logger":"airflow.models.dagbag.DagBag"}
{"timestamp":"2025-06-25T18:01:35.563941","level":"info","event":"Filling up the DagBag from /opt/airflow/dags/user.py","logger":"airflow.models.dagbag.DagBag"}
{"timestamp":"2025-06-25T18:02:06.446060","level":"info","event":"Filling up the DagBag from /opt/airflow/dags/user.py","logger":"airflow.models.dagbag.DagBag"}
{"timestamp":"2025-06-25T18:02:37.083427","level":"info","event":"Filling up the DagBag from /opt/airflow/dags/user.py","logger":"airflow.models.dagbag.DagBag"}
{"timestamp":"2025-06-25T18:03:07.636136","level":"info","event":"Filling up the DagBag from /opt/airflow/dags/user.py","logger":"airflow.models.dagbag.DagBag"}
{"timestamp":"2025-06-25T18:03:38.058355","level":"info","event":"Filling up the DagBag from /opt/airflow/dags/user.py","logger":"airflow.models.dagbag.DagBag"}
{"timestamp":"2025-06-25T18:04:08.693351","level":"info","event":"Filling up the DagBag from /opt/airflow/dags/user.py","logger":"airflow.models.dagbag.DagBag"}
{"timestamp":"2025-06-25T18:04:39.418205","level":"info","event":"Filling up the DagBag from /opt/airflow/dags/user.py","logger":"airflow.models.dagbag.DagBag"}
{"timestamp":"2025-06-25T18:05:09.913820","level":"info","event":"Filling up the DagBag from /opt/airflow/dags/user.py","logger":"airflow.models.dagbag.DagBag"}
{"timestamp":"2025-06-25T18:05:40.570565","level":"info","event":"Filling up the DagBag from /opt/airflow/dags/user.py","logger":"airflow.models.dagbag.DagBag"}
{"timestamp":"2025-06-25T18:06:10.970132","level":"info","event":"Filling up the DagBag from /opt/airflow/dags/user.py","logger":"airflow.models.dagbag.DagBag"}
{"timestamp":"2025-06-25T18:06:41.384759","level":"info","event":"Filling up the DagBag from /opt/airflow/dags/user.py","logger":"airflow.models.dagbag.DagBag"}
{"timestamp":"2025-06-25T18:07:11.799880","level":"info","event":"Filling up the DagBag from /opt/airflow/dags/user.py","logger":"airflow.models.dagbag.DagBag"}
{"timestamp":"2025-06-25T18:07:42.212987","level":"info","event":"Filling up the DagBag from /opt/airflow/dags/user.py","logger":"airflow.models.dagbag.DagBag"}
{"timestamp":"2025-06-25T18:08:12.793615","level":"info","event":"Filling up the DagBag from /opt/airflow/dags/user.py","logger":"airflow.models.dagbag.DagBag"}
{"timestamp":"2025-06-25T18:08:43.168834","level":"info","event":"Filling up the DagBag from /opt/airflow/dags/user.py","logger":"airflow.models.dagbag.DagBag"}
{"timestamp":"2025-06-25T18:09:13.951258","level":"info","event":"Filling up the DagBag from /opt/airflow/dags/user.py","logger":"airflow.models.dagbag.DagBag"}
{"timestamp":"2025-06-25T18:09:44.352977","level":"info","event":"Filling up the DagBag from /opt/airflow/dags/user.py","logger":"airflow.models.dagbag.DagBag"}
{"timestamp":"2025-06-25T18:10:15.028207","level":"info","event":"Filling up the DagBag from /opt/airflow/dags/user.py","logger":"airflow.models.dagbag.DagBag"}
{"timestamp":"2025-06-25T18:10:45.535494","level":"info","event":"Filling up the DagBag from /opt/airflow/dags/user.py","logger":"airflow.models.dagbag.DagBag"}
{"timestamp":"2025-06-25T18:11:16.014647","level":"info","event":"Filling up the DagBag from /opt/airflow/dags/user.py","logger":"airflow.models.dagbag.DagBag"}
{"timestamp":"2025-06-25T18:11:46.437473","level":"info","event":"Filling up the DagBag from /opt/airflow/dags/user.py","logger":"airflow.models.dagbag.DagBag"}
{"timestamp":"2025-06-25T18:12:17.025465","level":"info","event":"Filling up the DagBag from /opt/airflow/dags/user.py","logger":"airflow.models.dagbag.DagBag"}
{"timestamp":"2025-06-25T18:12:47.538927","level":"info","event":"Filling up the DagBag from /opt/airflow/dags/user.py","logger":"airflow.models.dagbag.DagBag"}
{"timestamp":"2025-06-25T18:13:18.429524","level":"info","event":"Filling up the DagBag from /opt/airflow/dags/user.py","logger":"airflow.models.dagbag.DagBag"}
{"timestamp":"2025-06-25T18:13:48.831179","level":"info","event":"Filling up the DagBag from /opt/airflow/dags/user.py","logger":"airflow.models.dagbag.DagBag"}
{"timestamp":"2025-06-25T18:14:19.401486","level":"info","event":"Filling up the DagBag from /opt/airflow/dags/user.py","logger":"airflow.models.dagbag.DagBag"}
{"timestamp":"2025-06-25T18:14:50.127878","level":"info","event":"Filling up the DagBag from /opt/airflow/dags/user.py","logger":"airflow.models.dagbag.DagBag"}
{"timestamp":"2025-06-25T18:15:20.580800","level":"info","event":"Filling up the DagBag from /opt/airflow/dags/user.py","logger":"airflow.models.dagbag.DagBag"}
{"timestamp":"2025-06-25T18:15:51.025776","level":"info","event":"Filling up the DagBag from /opt/airflow/dags/user.py","logger":"airflow.models.dagbag.DagBag"}
{"timestamp":"2025-06-25T18:16:21.591856","level":"info","event":"Filling up the DagBag from /opt/airflow/dags/user.py","logger":"airflow.models.dagbag.DagBag"}
{"timestamp":"2025-06-25T18:16:52.103245","level":"info","event":"Filling up the DagBag from /opt/airflow/dags/user.py","logger":"airflow.models.dagbag.DagBag"}
{"timestamp":"2025-06-25T18:17:22.610973","level":"info","event":"Filling up the DagBag from /opt/airflow/dags/user.py","logger":"airflow.models.dagbag.DagBag"}
{"timestamp":"2025-06-25T18:17:53.207729","level":"info","event":"Filling up the DagBag from /opt/airflow/dags/user.py","logger":"airflow.models.dagbag.DagBag"}
{"timestamp":"2025-06-25T18:18:23.760853","level":"info","event":"Filling up the DagBag from /opt/airflow/dags/user.py","logger":"airflow.models.dagbag.DagBag"}
{"timestamp":"2025-06-25T18:18:54.430300","level":"info","event":"Filling up the DagBag from /opt/airflow/dags/user.py","logger":"airflow.models.dagbag.DagBag"}
{"timestamp":"2025-06-25T18:19:25.042443","level":"info","event":"Filling up the DagBag from /opt/airflow/dags/user.py","logger":"airflow.models.dagbag.DagBag"}
{"timestamp":"2025-06-25T18:19:56.115156","level":"info","event":"Filling up the DagBag from /opt/airflow/dags/user.py","logger":"airflow.models.dagbag.DagBag"}
{"timestamp":"2025-06-25T18:20:26.879007","level":"info","event":"Filling up the DagBag from /opt/airflow/dags/user.py","logger":"airflow.models.dagbag.DagBag"}
{"timestamp":"2025-06-25T18:20:57.273904","level":"info","event":"Filling up the DagBag from /opt/airflow/dags/user.py","logger":"airflow.models.dagbag.DagBag"}
{"timestamp":"2025-06-25T18:21:27.580319","level":"info","event":"Filling up the DagBag from /opt/airflow/dags/user.py","logger":"airflow.models.dagbag.DagBag"}
{"timestamp":"2025-06-25T18:21:58.388700","level":"info","event":"Filling up the DagBag from /opt/airflow/dags/user.py","logger":"airflow.models.dagbag.DagBag"}
{"timestamp":"2025-06-25T18:22:29.292291","level":"info","event":"Filling up the DagBag from /opt/airflow/dags/user.py","logger":"airflow.models.dagbag.DagBag"}
{"timestamp":"2025-06-25T18:23:00.503881","level":"info","event":"Filling up the DagBag from /opt/airflow/dags/user.py","logger":"airflow.models.dagbag.DagBag"}
{"timestamp":"2025-06-25T18:23:31.307498","level":"info","event":"Filling up the DagBag from /opt/airflow/dags/user.py","logger":"airflow.models.dagbag.DagBag"}
{"timestamp":"2025-06-25T18:24:02.049040","level":"info","event":"Filling up the DagBag from /opt/airflow/dags/user.py","logger":"airflow.models.dagbag.DagBag"}
{"timestamp":"2025-06-25T18:24:32.915035","level":"info","event":"Filling up the DagBag from /opt/airflow/dags/user.py","logger":"airflow.models.dagbag.DagBag"}
{"timestamp":"2025-06-25T18:25:03.584650","level":"info","event":"Filling up the DagBag from /opt/airflow/dags/user.py","logger":"airflow.models.dagbag.DagBag"}
{"timestamp":"2025-06-25T18:25:34.237930","level":"info","event":"Filling up the DagBag from /opt/airflow/dags/user.py","logger":"airflow.models.dagbag.DagBag"}
{"timestamp":"2025-06-25T18:26:04.723181","level":"info","event":"Filling up the DagBag from /opt/airflow/dags/user.py","logger":"airflow.models.dagbag.DagBag"}
{"timestamp":"2025-06-25T18:26:35.318160","level":"info","event":"Filling up the DagBag from /opt/airflow/dags/user.py","logger":"airflow.models.dagbag.DagBag"}
{"timestamp":"2025-06-25T18:27:05.855460","level":"info","event":"Filling up the DagBag from /opt/airflow/dags/user.py","logger":"airflow.models.dagbag.DagBag"}
{"timestamp":"2025-06-25T18:27:36.550653","level":"info","event":"Filling up the DagBag from /opt/airflow/dags/user.py","logger":"airflow.models.dagbag.DagBag"}
{"timestamp":"2025-06-25T18:28:07.108511","level":"info","event":"Filling up the DagBag from /opt/airflow/dags/user.py","logger":"airflow.models.dagbag.DagBag"}
{"timestamp":"2025-06-25T18:28:37.669031","level":"info","event":"Filling up the DagBag from /opt/airflow/dags/user.py","logger":"airflow.models.dagbag.DagBag"}
{"timestamp":"2025-06-25T18:29:08.498376","level":"info","event":"Filling up the DagBag from /opt/airflow/dags/user.py","logger":"airflow.models.dagbag.DagBag"}
{"timestamp":"2025-06-25T18:29:39.126331","level":"info","event":"Filling up the DagBag from /opt/airflow/dags/user.py","logger":"airflow.models.dagbag.DagBag"}
{"timestamp":"2025-06-25T18:30:09.817450","level":"info","event":"Filling up the DagBag from /opt/airflow/dags/user.py","logger":"airflow.models.dagbag.DagBag"}
{"timestamp":"2025-06-25T18:30:40.466176","level":"info","event":"Filling up the DagBag from /opt/airflow/dags/user.py","logger":"airflow.models.dagbag.DagBag"}
{"timestamp":"2025-06-25T18:31:10.763331","level":"info","event":"Filling up the DagBag from /opt/airflow/dags/user.py","logger":"airflow.models.dagbag.DagBag"}
{"timestamp":"2025-06-25T18:31:41.865757","level":"info","event":"Filling up the DagBag from /opt/airflow/dags/user.py","logger":"airflow.models.dagbag.DagBag"}
{"timestamp":"2025-06-25T18:32:12.452414","level":"info","event":"Filling up the DagBag from /opt/airflow/dags/user.py","logger":"airflow.models.dagbag.DagBag"}
{"timestamp":"2025-06-25T18:32:43.132417","level":"info","event":"Filling up the DagBag from /opt/airflow/dags/user.py","logger":"airflow.models.dagbag.DagBag"}
{"timestamp":"2025-06-25T18:33:13.937700","level":"info","event":"Filling up the DagBag from /opt/airflow/dags/user.py","logger":"airflow.models.dagbag.DagBag"}
{"timestamp":"2025-06-25T18:33:44.694241","level":"info","event":"Filling up the DagBag from /opt/airflow/dags/user.py","logger":"airflow.models.dagbag.DagBag"}
{"timestamp":"2025-06-25T18:34:15.316195","level":"info","event":"Filling up the DagBag from /opt/airflow/dags/user.py","logger":"airflow.models.dagbag.DagBag"}
{"timestamp":"2025-06-25T18:34:45.778049","level":"info","event":"Filling up the DagBag from /opt/airflow/dags/user.py","logger":"airflow.models.dagbag.DagBag"}
{"timestamp":"2025-06-25T18:35:16.702687","level":"info","event":"Filling up the DagBag from /opt/airflow/dags/user.py","logger":"airflow.models.dagbag.DagBag"}
{"timestamp":"2025-06-25T18:35:47.227727","level":"info","event":"Filling up the DagBag from /opt/airflow/dags/user.py","logger":"airflow.models.dagbag.DagBag"}
{"timestamp":"2025-06-25T18:36:17.924468","level":"info","event":"Filling up the DagBag from /opt/airflow/dags/user.py","logger":"airflow.models.dagbag.DagBag"}
{"timestamp":"2025-06-25T18:36:48.429793","level":"info","event":"Filling up the DagBag from /opt/airflow/dags/user.py","logger":"airflow.models.dagbag.DagBag"}
{"timestamp":"2025-06-25T18:37:19.459826","level":"info","event":"Filling up the DagBag from /opt/airflow/dags/user.py","logger":"airflow.models.dagbag.DagBag"}
{"timestamp":"2025-06-25T18:37:50.088541","level":"info","event":"Filling up the DagBag from /opt/airflow/dags/user.py","logger":"airflow.models.dagbag.DagBag"}
{"timestamp":"2025-06-25T18:38:20.898280","level":"info","event":"Filling up the DagBag from /opt/airflow/dags/user.py","logger":"airflow.models.dagbag.DagBag"}
{"timestamp":"2025-06-25T18:38:51.538048","level":"info","event":"Filling up the DagBag from /opt/airflow/dags/user.py","logger":"airflow.models.dagbag.DagBag"}
{"timestamp":"2025-06-25T18:39:22.258660","level":"info","event":"Filling up the DagBag from /opt/airflow/dags/user.py","logger":"airflow.models.dagbag.DagBag"}
{"timestamp":"2025-06-25T18:39:53.056676","level":"info","event":"Filling up the DagBag from /opt/airflow/dags/user.py","logger":"airflow.models.dagbag.DagBag"}
{"timestamp":"2025-06-25T18:40:23.750657","level":"info","event":"Filling up the DagBag from /opt/airflow/dags/user.py","logger":"airflow.models.dagbag.DagBag"}
{"timestamp":"2025-06-25T18:40:54.479808","level":"info","event":"Filling up the DagBag from /opt/airflow/dags/user.py","logger":"airflow.models.dagbag.DagBag"}
{"timestamp":"2025-06-25T18:41:24.984213","level":"info","event":"Filling up the DagBag from /opt/airflow/dags/user.py","logger":"airflow.models.dagbag.DagBag"}
{"timestamp":"2025-06-25T18:41:55.677303","level":"info","event":"Filling up the DagBag from /opt/airflow/dags/user.py","logger":"airflow.models.dagbag.DagBag"}
{"timestamp":"2025-06-25T18:42:26.114688","level":"info","event":"Filling up the DagBag from /opt/airflow/dags/user.py","logger":"airflow.models.dagbag.DagBag"}
{"timestamp":"2025-06-25T18:42:56.671492","level":"info","event":"Filling up the DagBag from /opt/airflow/dags/user.py","logger":"airflow.models.dagbag.DagBag"}
{"timestamp":"2025-06-25T18:43:27.221584","level":"info","event":"Filling up the DagBag from /opt/airflow/dags/user.py","logger":"airflow.models.dagbag.DagBag"}
{"timestamp":"2025-06-25T18:43:57.754355","level":"info","event":"Filling up the DagBag from /opt/airflow/dags/user.py","logger":"airflow.models.dagbag.DagBag"}
{"timestamp":"2025-06-25T18:44:28.500159","level":"info","event":"Filling up the DagBag from /opt/airflow/dags/user.py","logger":"airflow.models.dagbag.DagBag"}
{"timestamp":"2025-06-25T18:44:59.094264","level":"info","event":"Filling up the DagBag from /opt/airflow/dags/user.py","logger":"airflow.models.dagbag.DagBag"}
{"timestamp":"2025-06-25T18:45:30.024011","level":"info","event":"Filling up the DagBag from /opt/airflow/dags/user.py","logger":"airflow.models.dagbag.DagBag"}
{"timestamp":"2025-06-25T18:46:01.059988","level":"info","event":"Filling up the DagBag from /opt/airflow/dags/user.py","logger":"airflow.models.dagbag.DagBag"}
{"timestamp":"2025-06-25T18:46:31.745130","level":"info","event":"Filling up the DagBag from /opt/airflow/dags/user.py","logger":"airflow.models.dagbag.DagBag"}
{"timestamp":"2025-06-25T18:47:02.725171","level":"info","event":"Filling up the DagBag from /opt/airflow/dags/user.py","logger":"airflow.models.dagbag.DagBag"}
{"timestamp":"2025-06-25T18:47:33.358118","level":"info","event":"Filling up the DagBag from /opt/airflow/dags/user.py","logger":"airflow.models.dagbag.DagBag"}
{"timestamp":"2025-06-25T18:48:04.130490","level":"info","event":"Filling up the DagBag from /opt/airflow/dags/user.py","logger":"airflow.models.dagbag.DagBag"}
{"timestamp":"2025-06-25T18:48:34.815131","level":"info","event":"Filling up the DagBag from /opt/airflow/dags/user.py","logger":"airflow.models.dagbag.DagBag"}
{"timestamp":"2025-06-25T18:49:05.358198","level":"info","event":"Filling up the DagBag from /opt/airflow/dags/user.py","logger":"airflow.models.dagbag.DagBag"}
{"timestamp":"2025-06-25T18:49:35.897070","level":"info","event":"Filling up the DagBag from /opt/airflow/dags/user.py","logger":"airflow.models.dagbag.DagBag"}
{"timestamp":"2025-06-25T18:50:06.558131","level":"info","event":"Filling up the DagBag from /opt/airflow/dags/user.py","logger":"airflow.models.dagbag.DagBag"}
{"timestamp":"2025-06-25T18:50:37.252145","level":"info","event":"Filling up the DagBag from /opt/airflow/dags/user.py","logger":"airflow.models.dagbag.DagBag"}
{"timestamp":"2025-06-25T18:51:08.006448","level":"info","event":"Filling up the DagBag from /opt/airflow/dags/user.py","logger":"airflow.models.dagbag.DagBag"}
{"timestamp":"2025-06-25T18:51:38.712961","level":"info","event":"Filling up the DagBag from /opt/airflow/dags/user.py","logger":"airflow.models.dagbag.DagBag"}
{"timestamp":"2025-06-25T18:52:09.241368","level":"info","event":"Filling up the DagBag from /opt/airflow/dags/user.py","logger":"airflow.models.dagbag.DagBag"}
{"timestamp":"2025-06-25T18:52:39.846699","level":"info","event":"Filling up the DagBag from /opt/airflow/dags/user.py","logger":"airflow.models.dagbag.DagBag"}
{"timestamp":"2025-06-25T18:53:10.656101","level":"info","event":"Filling up the DagBag from /opt/airflow/dags/user.py","logger":"airflow.models.dagbag.DagBag"}
{"timestamp":"2025-06-25T18:53:40.998371","level":"info","event":"Filling up the DagBag from /opt/airflow/dags/user.py","logger":"airflow.models.dagbag.DagBag"}
{"timestamp":"2025-06-25T18:54:11.558027","level":"info","event":"Filling up the DagBag from /opt/airflow/dags/user.py","logger":"airflow.models.dagbag.DagBag"}
{"timestamp":"2025-06-25T18:54:42.382752","level":"info","event":"Filling up the DagBag from /opt/airflow/dags/user.py","logger":"airflow.models.dagbag.DagBag"}
{"timestamp":"2025-06-25T18:55:13.182465","level":"info","event":"Filling up the DagBag from /opt/airflow/dags/user.py","logger":"airflow.models.dagbag.DagBag"}
{"timestamp":"2025-06-25T18:55:43.691611","level":"info","event":"Filling up the DagBag from /opt/airflow/dags/user.py","logger":"airflow.models.dagbag.DagBag"}
{"timestamp":"2025-06-25T18:56:14.179285","level":"info","event":"Filling up the DagBag from /opt/airflow/dags/user.py","logger":"airflow.models.dagbag.DagBag"}
{"timestamp":"2025-06-25T18:56:44.947071","level":"info","event":"Filling up the DagBag from /opt/airflow/dags/user.py","logger":"airflow.models.dagbag.DagBag"}
{"timestamp":"2025-06-25T18:57:15.766452","level":"info","event":"Filling up the DagBag from /opt/airflow/dags/user.py","logger":"airflow.models.dagbag.DagBag"}
{"timestamp":"2025-06-25T18:57:46.465575","level":"info","event":"Filling up the DagBag from /opt/airflow/dags/user.py","logger":"airflow.models.dagbag.DagBag"}
